sample.interval=20000
"as.double" "elnet" "glmnet" "cv.glmnet" 
"as.double" "elnet" "glmnet" "cv.glmnet" 
"as.double" "elnet" "glmnet" "cv.glmnet" 
"as.double" "elnet" "glmnet" "cv.glmnet" 
"as.double" "elnet" "glmnet" "cv.glmnet" 
"as.double" "elnet" "glmnet" "cv.glmnet" 
"as.double" "elnet" "glmnet" "cv.glmnet" 
"as.double" "elnet" "glmnet" "cv.glmnet" 
".Fortran" "elnet" "glmnet" "cv.glmnet" 
".Fortran" "elnet" "glmnet" "cv.glmnet" 
".Fortran" "elnet" "glmnet" "cv.glmnet" 
".Fortran" "elnet" "glmnet" "cv.glmnet" 
".Fortran" "elnet" "glmnet" "cv.glmnet" 
".Fortran" "elnet" "glmnet" "cv.glmnet" 
".Fortran" "elnet" "glmnet" "cv.glmnet" 
".Fortran" "elnet" "glmnet" "cv.glmnet" 
".Fortran" "elnet" "glmnet" "cv.glmnet" 
".Fortran" "elnet" "glmnet" "cv.glmnet" 
".Fortran" "elnet" "glmnet" "cv.glmnet" 
".Fortran" "elnet" "glmnet" "cv.glmnet" 
".Fortran" "elnet" "glmnet" "cv.glmnet" 
".Fortran" "elnet" "glmnet" "cv.glmnet" 
".Fortran" "elnet" "glmnet" "cv.glmnet" 
".Fortran" "elnet" "glmnet" "cv.glmnet" 
".Fortran" "elnet" "glmnet" "cv.glmnet" 
".Fortran" "elnet" "glmnet" "cv.glmnet" 
".Fortran" "elnet" "glmnet" "cv.glmnet" 
".Fortran" "elnet" "glmnet" "cv.glmnet" 
".Fortran" "elnet" "glmnet" "cv.glmnet" 
".Fortran" "elnet" "glmnet" "cv.glmnet" 
".Fortran" "elnet" "glmnet" "cv.glmnet" 
".Fortran" "elnet" "glmnet" "cv.glmnet" 
".Fortran" "elnet" "glmnet" "cv.glmnet" 
".Fortran" "elnet" "glmnet" "cv.glmnet" 
".Fortran" "elnet" "glmnet" "cv.glmnet" 
".Fortran" "elnet" "glmnet" "cv.glmnet" 
".Fortran" "elnet" "glmnet" "cv.glmnet" 
".Fortran" "elnet" "glmnet" "cv.glmnet" 
".Fortran" "elnet" "glmnet" "cv.glmnet" 
".Fortran" "elnet" "glmnet" "cv.glmnet" 
".Fortran" "elnet" "glmnet" "cv.glmnet" 
".Fortran" "elnet" "glmnet" "cv.glmnet" 
".Fortran" "elnet" "glmnet" "cv.glmnet" 
".Fortran" "elnet" "glmnet" "cv.glmnet" 
".Fortran" "elnet" "glmnet" "cv.glmnet" 
".Fortran" "elnet" "glmnet" "cv.glmnet" 
".Fortran" "elnet" "glmnet" "cv.glmnet" 
".Fortran" "elnet" "glmnet" "cv.glmnet" 
".Fortran" "elnet" "glmnet" "cv.glmnet" 
".Fortran" "elnet" "glmnet" "cv.glmnet" 
".Fortran" "elnet" "glmnet" "cv.glmnet" 
".Fortran" "elnet" "glmnet" "cv.glmnet" 
".Fortran" "elnet" "glmnet" "cv.glmnet" 
".Fortran" "elnet" "glmnet" "cv.glmnet" 
".Fortran" "elnet" "glmnet" "cv.glmnet" 
".Fortran" "elnet" "glmnet" "cv.glmnet" 
".Fortran" "elnet" "glmnet" "cv.glmnet" 
".Fortran" "elnet" "glmnet" "cv.glmnet" 
".Fortran" "elnet" "glmnet" "cv.glmnet" 
".Fortran" "elnet" "glmnet" "cv.glmnet" 
".Fortran" "elnet" "glmnet" "cv.glmnet" 
".Fortran" "elnet" "glmnet" "cv.glmnet" 
".Fortran" "elnet" "glmnet" "cv.glmnet" 
".Fortran" "elnet" "glmnet" "cv.glmnet" 
".Fortran" "elnet" "glmnet" "cv.glmnet" 
".Fortran" "elnet" "glmnet" "cv.glmnet" 
".Fortran" "elnet" "glmnet" "cv.glmnet" 
".Fortran" "elnet" "glmnet" "cv.glmnet" 
".Fortran" "elnet" "glmnet" "cv.glmnet" 
".Fortran" "elnet" "glmnet" "cv.glmnet" 
".Fortran" "elnet" "glmnet" "cv.glmnet" 
".Fortran" "elnet" "glmnet" "cv.glmnet" 
".Fortran" "elnet" "glmnet" "cv.glmnet" 
".Fortran" "elnet" "glmnet" "cv.glmnet" 
".Fortran" "elnet" "glmnet" "cv.glmnet" 
".Fortran" "elnet" "glmnet" "cv.glmnet" 
".Fortran" "elnet" "glmnet" "cv.glmnet" 
".Fortran" "elnet" "glmnet" "cv.glmnet" 
".Fortran" "elnet" "glmnet" "cv.glmnet" 
".Fortran" "elnet" "glmnet" "cv.glmnet" 
".Fortran" "elnet" "glmnet" "cv.glmnet" 
".Fortran" "elnet" "glmnet" "cv.glmnet" 
".Fortran" "elnet" "glmnet" "cv.glmnet" 
".Fortran" "elnet" "glmnet" "cv.glmnet" 
".Fortran" "elnet" "glmnet" "cv.glmnet" 
".Fortran" "elnet" "glmnet" "cv.glmnet" 
".Fortran" "elnet" "glmnet" "cv.glmnet" 
".Fortran" "elnet" "glmnet" "cv.glmnet" 
".Fortran" "elnet" "glmnet" "cv.glmnet" 
".Fortran" "elnet" "glmnet" "cv.glmnet" 
".Fortran" "elnet" "glmnet" "cv.glmnet" 
".Fortran" "elnet" "glmnet" "cv.glmnet" 
".Fortran" "elnet" "glmnet" "cv.glmnet" 
".Fortran" "elnet" "glmnet" "cv.glmnet" 
".Fortran" "elnet" "glmnet" "cv.glmnet" 
".Fortran" "elnet" "glmnet" "cv.glmnet" 
".Fortran" "elnet" "glmnet" "cv.glmnet" 
".Fortran" "elnet" "glmnet" "cv.glmnet" 
".Fortran" "elnet" "glmnet" "cv.glmnet" 
".Fortran" "elnet" "glmnet" "cv.glmnet" 
".Fortran" "elnet" "glmnet" "cv.glmnet" 
".Fortran" "elnet" "glmnet" "cv.glmnet" 
".Fortran" "elnet" "glmnet" "cv.glmnet" 
".Fortran" "elnet" "glmnet" "cv.glmnet" 
".Fortran" "elnet" "glmnet" "cv.glmnet" 
".Fortran" "elnet" "glmnet" "cv.glmnet" 
".Fortran" "elnet" "glmnet" "cv.glmnet" 
".Fortran" "elnet" "glmnet" "cv.glmnet" 
".Fortran" "elnet" "glmnet" "cv.glmnet" 
".Fortran" "elnet" "glmnet" "cv.glmnet" 
".Fortran" "elnet" "glmnet" "cv.glmnet" 
".Fortran" "elnet" "glmnet" "cv.glmnet" 
".Fortran" "elnet" "glmnet" "cv.glmnet" 
".Fortran" "elnet" "glmnet" "cv.glmnet" 
".Fortran" "elnet" "glmnet" "cv.glmnet" 
".Fortran" "elnet" "glmnet" "cv.glmnet" 
".Fortran" "elnet" "glmnet" "cv.glmnet" 
".Fortran" "elnet" "glmnet" "cv.glmnet" 
".Fortran" "elnet" "glmnet" "cv.glmnet" 
".Fortran" "elnet" "glmnet" "cv.glmnet" 
".Fortran" "elnet" "glmnet" "cv.glmnet" 
".Fortran" "elnet" "glmnet" "cv.glmnet" 
".Fortran" "elnet" "glmnet" "cv.glmnet" 
".Fortran" "elnet" "glmnet" "cv.glmnet" 
".Fortran" "elnet" "glmnet" "cv.glmnet" 
".Fortran" "elnet" "glmnet" "cv.glmnet" 
".Fortran" "elnet" "glmnet" "cv.glmnet" 
".Fortran" "elnet" "glmnet" "cv.glmnet" 
".Fortran" "elnet" "glmnet" "cv.glmnet" 
".Fortran" "elnet" "glmnet" "cv.glmnet" 
".Fortran" "elnet" "glmnet" "cv.glmnet" 
".Fortran" "elnet" "glmnet" "cv.glmnet" 
".Fortran" "elnet" "glmnet" "cv.glmnet" 
".Fortran" "elnet" "glmnet" "cv.glmnet" 
".Fortran" "elnet" "glmnet" "cv.glmnet" 
".Fortran" "elnet" "glmnet" "cv.glmnet" 
".Fortran" "elnet" "glmnet" "cv.glmnet" 
".Fortran" "elnet" "glmnet" "cv.glmnet" 
".Fortran" "elnet" "glmnet" "cv.glmnet" 
".Fortran" "elnet" "glmnet" "cv.glmnet" 
".Fortran" "elnet" "glmnet" "cv.glmnet" 
".Fortran" "elnet" "glmnet" "cv.glmnet" 
".Fortran" "elnet" "glmnet" "cv.glmnet" 
".Fortran" "elnet" "glmnet" "cv.glmnet" 
".Fortran" "elnet" "glmnet" "cv.glmnet" 
".Fortran" "elnet" "glmnet" "cv.glmnet" 
".Fortran" "elnet" "glmnet" "cv.glmnet" 
".Fortran" "elnet" "glmnet" "cv.glmnet" 
".Fortran" "elnet" "glmnet" "cv.glmnet" 
".Fortran" "elnet" "glmnet" "cv.glmnet" 
".Fortran" "elnet" "glmnet" "cv.glmnet" 
".Fortran" "elnet" "glmnet" "cv.glmnet" 
".Fortran" "elnet" "glmnet" "cv.glmnet" 
".Fortran" "elnet" "glmnet" "cv.glmnet" 
".Fortran" "elnet" "glmnet" "cv.glmnet" 
".Fortran" "elnet" "glmnet" "cv.glmnet" 
".Fortran" "elnet" "glmnet" "cv.glmnet" 
".Fortran" "elnet" "glmnet" "cv.glmnet" 
".Fortran" "elnet" "glmnet" "cv.glmnet" 
".Fortran" "elnet" "glmnet" "cv.glmnet" 
".Fortran" "elnet" "glmnet" "cv.glmnet" 
".Fortran" "elnet" "glmnet" "cv.glmnet" 
".Fortran" "elnet" "glmnet" "cv.glmnet" 
".Fortran" "elnet" "glmnet" "cv.glmnet" 
".Fortran" "elnet" "glmnet" "cv.glmnet" 
".Fortran" "elnet" "glmnet" "cv.glmnet" 
".Fortran" "elnet" "glmnet" "cv.glmnet" 
".Fortran" "elnet" "glmnet" "cv.glmnet" 
".Fortran" "elnet" "glmnet" "cv.glmnet" 
".Fortran" "elnet" "glmnet" "cv.glmnet" 
".Fortran" "elnet" "glmnet" "cv.glmnet" 
".Fortran" "elnet" "glmnet" "cv.glmnet" 
".Fortran" "elnet" "glmnet" "cv.glmnet" 
".Fortran" "elnet" "glmnet" "cv.glmnet" 
".Fortran" "elnet" "glmnet" "cv.glmnet" 
".Fortran" "elnet" "glmnet" "cv.glmnet" 
".Fortran" "elnet" "glmnet" "cv.glmnet" 
".Fortran" "elnet" "glmnet" "cv.glmnet" 
".Fortran" "elnet" "glmnet" "cv.glmnet" 
".Fortran" "elnet" "glmnet" "cv.glmnet" 
".Fortran" "elnet" "glmnet" "cv.glmnet" 
".Fortran" "elnet" "glmnet" "cv.glmnet" 
".Fortran" "elnet" "glmnet" "cv.glmnet" 
".Fortran" "elnet" "glmnet" "cv.glmnet" 
".Fortran" "elnet" "glmnet" "cv.glmnet" 
".Fortran" "elnet" "glmnet" "cv.glmnet" 
".Fortran" "elnet" "glmnet" "cv.glmnet" 
".Fortran" "elnet" "glmnet" "cv.glmnet" 
".Fortran" "elnet" "glmnet" "cv.glmnet" 
".Fortran" "elnet" "glmnet" "cv.glmnet" 
".Fortran" "elnet" "glmnet" "cv.glmnet" 
".Fortran" "elnet" "glmnet" "cv.glmnet" 
".Fortran" "elnet" "glmnet" "cv.glmnet" 
".Fortran" "elnet" "glmnet" "cv.glmnet" 
".Fortran" "elnet" "glmnet" "cv.glmnet" 
".Fortran" "elnet" "glmnet" "cv.glmnet" 
".Fortran" "elnet" "glmnet" "cv.glmnet" 
".Fortran" "elnet" "glmnet" "cv.glmnet" 
".Fortran" "elnet" "glmnet" "cv.glmnet" 
".Fortran" "elnet" "glmnet" "cv.glmnet" 
".Fortran" "elnet" "glmnet" "cv.glmnet" 
".Fortran" "elnet" "glmnet" "cv.glmnet" 
".Fortran" "elnet" "glmnet" "cv.glmnet" 
".Fortran" "elnet" "glmnet" "cv.glmnet" 
".Fortran" "elnet" "glmnet" "cv.glmnet" 
".Fortran" "elnet" "glmnet" "cv.glmnet" 
".Fortran" "elnet" "glmnet" "cv.glmnet" 
".Fortran" "elnet" "glmnet" "cv.glmnet" 
".Fortran" "elnet" "glmnet" "cv.glmnet" 
".Fortran" "elnet" "glmnet" "cv.glmnet" 
".Fortran" "elnet" "glmnet" "cv.glmnet" 
".Fortran" "elnet" "glmnet" "cv.glmnet" 
".Fortran" "elnet" "glmnet" "cv.glmnet" 
".Fortran" "elnet" "glmnet" "cv.glmnet" 
".Fortran" "elnet" "glmnet" "cv.glmnet" 
".Fortran" "elnet" "glmnet" "cv.glmnet" 
".Fortran" "elnet" "glmnet" "cv.glmnet" 
".Fortran" "elnet" "glmnet" "cv.glmnet" 
".Fortran" "elnet" "glmnet" "cv.glmnet" 
".Fortran" "elnet" "glmnet" "cv.glmnet" 
".Fortran" "elnet" "glmnet" "cv.glmnet" 
".Fortran" "elnet" "glmnet" "cv.glmnet" 
".Fortran" "elnet" "glmnet" "cv.glmnet" 
".Fortran" "elnet" "glmnet" "cv.glmnet" 
".Fortran" "elnet" "glmnet" "cv.glmnet" 
".Fortran" "elnet" "glmnet" "cv.glmnet" 
".Fortran" "elnet" "glmnet" "cv.glmnet" 
".Fortran" "elnet" "glmnet" "cv.glmnet" 
".Fortran" "elnet" "glmnet" "cv.glmnet" 
".Fortran" "elnet" "glmnet" "cv.glmnet" 
".Fortran" "elnet" "glmnet" "cv.glmnet" 
".Fortran" "elnet" "glmnet" "cv.glmnet" 
".Fortran" "elnet" "glmnet" "cv.glmnet" 
".Fortran" "elnet" "glmnet" "cv.glmnet" 
".Fortran" "elnet" "glmnet" "cv.glmnet" 
".Fortran" "elnet" "glmnet" "cv.glmnet" 
".Fortran" "elnet" "glmnet" "cv.glmnet" 
".Fortran" "elnet" "glmnet" "cv.glmnet" 
".Fortran" "elnet" "glmnet" "cv.glmnet" 
".Fortran" "elnet" "glmnet" "cv.glmnet" 
".Fortran" "elnet" "glmnet" "cv.glmnet" 
".Fortran" "elnet" "glmnet" "cv.glmnet" 
".Fortran" "elnet" "glmnet" "cv.glmnet" 
".Fortran" "elnet" "glmnet" "cv.glmnet" 
".Fortran" "elnet" "glmnet" "cv.glmnet" 
".Fortran" "elnet" "glmnet" "cv.glmnet" 
".Fortran" "elnet" "glmnet" "cv.glmnet" 
".Fortran" "elnet" "glmnet" "cv.glmnet" 
".Fortran" "elnet" "glmnet" "cv.glmnet" 
".Fortran" "elnet" "glmnet" "cv.glmnet" 
".Fortran" "elnet" "glmnet" "cv.glmnet" 
".Fortran" "elnet" "glmnet" "cv.glmnet" 
".Fortran" "elnet" "glmnet" "cv.glmnet" 
".Fortran" "elnet" "glmnet" "cv.glmnet" 
".Fortran" "elnet" "glmnet" "cv.glmnet" 
".Fortran" "elnet" "glmnet" "cv.glmnet" 
".Fortran" "elnet" "glmnet" "cv.glmnet" 
".Fortran" "elnet" "glmnet" "cv.glmnet" 
".Fortran" "elnet" "glmnet" "cv.glmnet" 
".Fortran" "elnet" "glmnet" "cv.glmnet" 
".Fortran" "elnet" "glmnet" "cv.glmnet" 
".Fortran" "elnet" "glmnet" "cv.glmnet" 
".Fortran" "elnet" "glmnet" "cv.glmnet" 
".Fortran" "elnet" "glmnet" "cv.glmnet" 
".Fortran" "elnet" "glmnet" "cv.glmnet" 
".Fortran" "elnet" "glmnet" "cv.glmnet" 
".Fortran" "elnet" "glmnet" "cv.glmnet" 
".Fortran" "elnet" "glmnet" "cv.glmnet" 
".Fortran" "elnet" "glmnet" "cv.glmnet" 
".Fortran" "elnet" "glmnet" "cv.glmnet" 
".Fortran" "elnet" "glmnet" "cv.glmnet" 
".Fortran" "elnet" "glmnet" "cv.glmnet" 
".Fortran" "elnet" "glmnet" "cv.glmnet" 
".Fortran" "elnet" "glmnet" "cv.glmnet" 
".Fortran" "elnet" "glmnet" "cv.glmnet" 
".Fortran" "elnet" "glmnet" "cv.glmnet" 
".Fortran" "elnet" "glmnet" "cv.glmnet" 
".Fortran" "elnet" "glmnet" "cv.glmnet" 
".Fortran" "elnet" "glmnet" "cv.glmnet" 
".Fortran" "elnet" "glmnet" "cv.glmnet" 
".Fortran" "elnet" "glmnet" "cv.glmnet" 
".Fortran" "elnet" "glmnet" "cv.glmnet" 
".Fortran" "elnet" "glmnet" "cv.glmnet" 
".Fortran" "elnet" "glmnet" "cv.glmnet" 
".Fortran" "elnet" "glmnet" "cv.glmnet" 
".Fortran" "elnet" "glmnet" "cv.glmnet" 
".Fortran" "elnet" "glmnet" "cv.glmnet" 
".Fortran" "elnet" "glmnet" "cv.glmnet" 
".Fortran" "elnet" "glmnet" "cv.glmnet" 
".Fortran" "elnet" "glmnet" "cv.glmnet" 
".Fortran" "elnet" "glmnet" "cv.glmnet" 
".Fortran" "elnet" "glmnet" "cv.glmnet" 
".Fortran" "elnet" "glmnet" "cv.glmnet" 
".Fortran" "elnet" "glmnet" "cv.glmnet" 
".Fortran" "elnet" "glmnet" "cv.glmnet" 
".Fortran" "elnet" "glmnet" "cv.glmnet" 
".Fortran" "elnet" "glmnet" "cv.glmnet" 
".Fortran" "elnet" "glmnet" "cv.glmnet" 
".Fortran" "elnet" "glmnet" "cv.glmnet" 
".Fortran" "elnet" "glmnet" "cv.glmnet" 
".Fortran" "elnet" "glmnet" "cv.glmnet" 
".Fortran" "elnet" "glmnet" "cv.glmnet" 
".Fortran" "elnet" "glmnet" "cv.glmnet" 
".Fortran" "elnet" "glmnet" "cv.glmnet" 
".Fortran" "elnet" "glmnet" "cv.glmnet" 
".Fortran" "elnet" "glmnet" "cv.glmnet" 
".Fortran" "elnet" "glmnet" "cv.glmnet" 
".Fortran" "elnet" "glmnet" "cv.glmnet" 
".Fortran" "elnet" "glmnet" "cv.glmnet" 
".Fortran" "elnet" "glmnet" "cv.glmnet" 
".Fortran" "elnet" "glmnet" "cv.glmnet" 
".Fortran" "elnet" "glmnet" "cv.glmnet" 
".Fortran" "elnet" "glmnet" "cv.glmnet" 
".Fortran" "elnet" "glmnet" "cv.glmnet" 
".Fortran" "elnet" "glmnet" "cv.glmnet" 
".Fortran" "elnet" "glmnet" "cv.glmnet" 
".Fortran" "elnet" "glmnet" "cv.glmnet" 
".Fortran" "elnet" "glmnet" "cv.glmnet" 
".Fortran" "elnet" "glmnet" "cv.glmnet" 
".Fortran" "elnet" "glmnet" "cv.glmnet" 
".Fortran" "elnet" "glmnet" "cv.glmnet" 
".Fortran" "elnet" "glmnet" "cv.glmnet" 
".Fortran" "elnet" "glmnet" "cv.glmnet" 
".Fortran" "elnet" "glmnet" "cv.glmnet" 
".Fortran" "elnet" "glmnet" "cv.glmnet" 
".Fortran" "elnet" "glmnet" "cv.glmnet" 
".Fortran" "elnet" "glmnet" "cv.glmnet" 
".Fortran" "elnet" "glmnet" "cv.glmnet" 
".Fortran" "elnet" "glmnet" "cv.glmnet" 
".Fortran" "elnet" "glmnet" "cv.glmnet" 
".Fortran" "elnet" "glmnet" "cv.glmnet" 
".Fortran" "elnet" "glmnet" "cv.glmnet" 
".Fortran" "elnet" "glmnet" "cv.glmnet" 
".Fortran" "elnet" "glmnet" "cv.glmnet" 
".Fortran" "elnet" "glmnet" "cv.glmnet" 
".Fortran" "elnet" "glmnet" "cv.glmnet" 
".Fortran" "elnet" "glmnet" "cv.glmnet" 
".Fortran" "elnet" "glmnet" "cv.glmnet" 
".Fortran" "elnet" "glmnet" "cv.glmnet" 
".Fortran" "elnet" "glmnet" "cv.glmnet" 
".Fortran" "elnet" "glmnet" "cv.glmnet" 
".Fortran" "elnet" "glmnet" "cv.glmnet" 
".Fortran" "elnet" "glmnet" "cv.glmnet" 
".Fortran" "elnet" "glmnet" "cv.glmnet" 
".Fortran" "elnet" "glmnet" "cv.glmnet" 
".Fortran" "elnet" "glmnet" "cv.glmnet" 
".Fortran" "elnet" "glmnet" "cv.glmnet" 
".Fortran" "elnet" "glmnet" "cv.glmnet" 
".Fortran" "elnet" "glmnet" "cv.glmnet" 
".Fortran" "elnet" "glmnet" "cv.glmnet" 
".Fortran" "elnet" "glmnet" "cv.glmnet" 
".Fortran" "elnet" "glmnet" "cv.glmnet" 
".Fortran" "elnet" "glmnet" "cv.glmnet" 
".Fortran" "elnet" "glmnet" "cv.glmnet" 
".Fortran" "elnet" "glmnet" "cv.glmnet" 
".Fortran" "elnet" "glmnet" "cv.glmnet" 
".Fortran" "elnet" "glmnet" "cv.glmnet" 
".Fortran" "elnet" "glmnet" "cv.glmnet" 
".Fortran" "elnet" "glmnet" "cv.glmnet" 
".Fortran" "elnet" "glmnet" "cv.glmnet" 
".Fortran" "elnet" "glmnet" "cv.glmnet" 
".Fortran" "elnet" "glmnet" "cv.glmnet" 
".Fortran" "elnet" "glmnet" "cv.glmnet" 
".Fortran" "elnet" "glmnet" "cv.glmnet" 
".Fortran" "elnet" "glmnet" "cv.glmnet" 
".Fortran" "elnet" "glmnet" "cv.glmnet" 
".Fortran" "elnet" "glmnet" "cv.glmnet" 
".Fortran" "elnet" "glmnet" "cv.glmnet" 
".Fortran" "elnet" "glmnet" "cv.glmnet" 
".Fortran" "elnet" "glmnet" "cv.glmnet" 
".Fortran" "elnet" "glmnet" "cv.glmnet" 
".Fortran" "elnet" "glmnet" "cv.glmnet" 
".Fortran" "elnet" "glmnet" "cv.glmnet" 
".Fortran" "elnet" "glmnet" "cv.glmnet" 
".Fortran" "elnet" "glmnet" "cv.glmnet" 
".Fortran" "elnet" "glmnet" "cv.glmnet" 
".Fortran" "elnet" "glmnet" "cv.glmnet" 
".Fortran" "elnet" "glmnet" "cv.glmnet" 
"matrix" "getcoef" "elnet" "glmnet" "cv.glmnet" 
"matrix" "getcoef" "elnet" "glmnet" "cv.glmnet" 
"matrix" "getcoef" "elnet" "glmnet" "cv.glmnet" 
"matrix" "getcoef" "elnet" "glmnet" "cv.glmnet" 
"matrix" "getcoef" "elnet" "glmnet" "cv.glmnet" 
"matrix" "getcoef" "elnet" "glmnet" "cv.glmnet" 
"matrix" "getcoef" "elnet" "glmnet" "cv.glmnet" 
"predict.glmnet" "NextMethod" "predict.elnet" "predict" "lapply" "sapply" "cv.glmnet" 
"nonzeroCoef" "predict.glmnet" "NextMethod" "predict.elnet" "predict" "lapply" "sapply" "cv.glmnet" 
"close" "readRDS" "loadNamespace" "doTryCatch" "tryCatchOne" "tryCatchList" "tryCatch" "getNamespace" "asNamespace" "getExportedValue" "::" "comp" "<Anonymous>" "%dopar%" "cv.glmnet" 
".Call" "mcfork" "FUN" "lapply" "mclapply" "<Anonymous>" "%dopar%" "cv.glmnet" 
".Call" "readChild" "mclapply" "<Anonymous>" "%dopar%" "cv.gl
".Fortran" "elnet" "glmnet" "cv.glmnet" 
".Fortran" "elnet" "glmnet" "cv.glmnet" 
".Fortran" "elnet" "glmnet" "cv.glmnet" 
".Fortran" "elnet" "glmnet" "cv.glmnet" 
".Fortran" "elnet" "glmnet" "cv.glmnet" 
".Fortran" "elnet" "glmnet" "cv.glmnet" 
".Fortran" "elnet" "glmnet" "cv.glmnet" 
".Fortran" "elnet" "glmnet" "cv.glmnet" 
".Fortran" "elnet" "glmnet" "cv.glmnet" 
".Fortran" "elnet" "glmnet" "cv.glmnet" 
".Fortran" "elnet" "glmnet" "cv.glmnet" 
".Fortran" "elnet" "glmnet" "cv.glmnet" 
".Fortran" "elnet" "glmnet" "cv.glmnet" 
".Fortran" "elnet" "glmnet" "cv.glmnet" 
".Fortran" "elnet" "glmnet" "cv.glmnet" 
".Fortran" "elnet" "glmnet" "cv.glmnet" 
".Fortran" "elnet" "glmnet" "cv.glmnet" 
".Fortran" "elnet" "glmnet" "cv.glmnet" 
".Fortran" "elnet" "glmnet" "cv.glmnet" 
".Fortran" "elnet" "glmnet" "cv.glmnet" 
".Fortran" "elnet" "glmnet" "cv.glmnet" 
".Fortran" "elnet" "glmnet" "cv.glmnet" 
".Fortran" "elnet" "glmnet" "cv.glmnet" 
".Fortran" "elnet" "glmnet" "cv.glmnet" 
".Fortran" "elnet" "glmnet" "cv.glmnet" 
".Fortran" "elnet" "glmnet" "cv.glmnet" 
".Fortran" "elnet" "glmnet" "cv.glmnet" 
".Fortran" "elnet" "glmnet" "cv.glmnet" 
".Fortran" "elnet" "glmnet" "cv.glmnet" 
".Fortran" "elnet" "glmnet" "cv.glmnet" 
".Fortran" "elnet" "glmnet" "cv.glmnet" 
".Fortran" "elnet" "glmnet" "cv.glmnet" 
".Fortran" "elnet" "glmnet" "cv.glmnet" 
".Fortran" "elnet" "glmnet" "cv.glmnet" 
".Fortran" "elnet" "glmnet" "cv.glmnet" 
".Fortran" "elnet" "glmnet" "cv.glmnet" 
".Fortran" "elnet" "glmnet" "cv.glmnet" 
".Fortran" "elnet" "glmnet" "cv.glmnet" 
".Fortran" "elnet" "glmnet" "cv.glmnet" 
".Fortran" "elnet" "glmnet" "cv.glmnet" 
".Fortran" "elnet" "glmnet" "cv.glmnet" 
".Fortran" "elnet" "glmnet" "cv.glmnet" 
".Fortran" "elnet" "glmnet" "cv.glmnet" 
".Fortran" "elnet" "glmnet" "cv.glmnet" 
".Fortran" "elnet" "glmnet" "cv.glmnet" 
".Fortran" "elnet" "glmnet" "cv.glmnet" 
".Fortran" "elnet" "glmnet" "cv.glmnet" 
".Fortran" "elnet" "glmnet" "cv.glmnet" 
".Fortran" "elnet" "glmnet" "cv.glmnet" 
".Fortran" "elnet" "glmnet" "cv.glmnet" 
".Fortran" "elnet" "glmnet" "cv.glmnet" 
".Fortran" "elnet" "glmnet" "cv.glmnet" 
".Fortran" "elnet" "glmnet" "cv.glmnet" 
".Fortran" "elnet" "glmnet" "cv.glmnet" 
".Fortran" "elnet" "glmnet" "cv.glmnet" 
".Fortran" "elnet" "glmnet" "cv.glmnet" 
".Fortran" "elnet" "glmnet" "cv.glmnet" 
".Fortran" "elnet" "glmnet" "cv.glmnet" 
".Fortran" "elnet" "glmnet" "cv.glmnet" 
".Fortran" "elnet" "glmnet" "cv.glmnet" 
".Fortran" "elnet" "glmnet" "cv.glmnet" 
".Fortran" "elnet" "glmnet" "cv.glmnet" 
".Fortran" "elnet" "glmnet" "cv.glmnet" 
".Fortran" "elnet" "glmnet" "cv.glmnet" 
".Fortran" "elnet" "glmnet" "cv.glmnet" 
".Fortran" "elnet" "glmnet" "cv.glmnet" 
".Fortran" "elnet" "glmnet" "cv.glmnet" 
".Fortran" "elnet" "glmnet" "cv.glmnet" 
".Fortran" "elnet" "glmnet" "cv.glmnet" 
".Fortran" "elnet" "glmnet" "cv.glmnet" 
".Fortran" "elnet" "glmnet" "cv.glmnet" 
".Fortran" "elnet" "glmnet" "cv.glmnet" 
".Fortran" "elnet" "glmnet" "cv.glmnet" 
".Fortran" "elnet" "glmnet" "cv.glmnet" 
".Fortran" "elnet" "glmnet" "cv.glmnet" 
".Fortran" "elnet" "glmnet" "cv.glmnet" 
".Fortran" "elnet" "glmnet" "cv.glmnet" 
".Fortran" "elnet" "glmnet" "cv.glmnet" 
".Fortran" "elnet" "glmnet" "cv.glmnet" 
"matrix" "getcoef" "elnet" "glmnet" "cv.glmnet" 
"matrix" "getcoef" "elnet" "glmnet" "cv.glmnet" 
"matrix" "getcoef" "elnet" "glmnet" "cv.glmnet" 
"matrix" "getcoef" "elnet" "glmnet" "cv.glmnet" 
"matrix" "getcoef" "elnet" "glmnet" "cv.glmnet" 
"matrix" "getcoef" "elnet" "glmnet" "cv.glmnet" 
"matrix" "getcoef" "elnet" "glmnet" "cv.glmnet" 
"predict.glmnet" "NextMethod" "predict.elnet" "predict" "lapply" "sapply" "cv.glmnet" 
"nonzeroCoef" "predict.glmnet" "NextMethod" "predict.elnet" "predict" "lapply" "sapply" "cv.glmnet" 
"close" "readRDS" "loadNamespace" "doTryCatch" "tryCatchOne" "tryCatchList" "tryCatch" "getNamespace" "asNamespace" "getExportedValue" "::" "comp" "<Anonymous>" "%dopar%" "cv.glmnet" 
".Call" "mcfork" "FUN" "lapply" "mclapply" "<Anonymous>" "%dopar%" "cv.glmnet" 

".Fortran" "elnet" "glmnet" "cv.glmnet" 
".Fortran" "elnet" "glmnet" "cv.glmnet" 
".Fortran" "elnet" "glmnet" "cv.glmnet" 
".Fortran" "elnet" "glmnet" "cv.glmnet" 
".Fortran" "elnet" "glmnet" "cv.glmnet" 
".Fortran" "elnet" "glmnet" "cv.glmnet" 
".Fortran" "elnet" "glmnet" "cv.glmnet" 
".Fortran" "elnet" "glmnet" "cv.glmnet" 
".Fortran" "elnet" "glmnet" "cv.glmnet" 
".Fortran" "elnet" "glmnet" "cv.glmnet" 
".Fortran" "elnet" "glmnet" "cv.glmnet" 
".Fortran" "elnet" "glmnet" "cv.glmnet" 
".Fortran" "elnet" "glmnet" "cv.glmnet" 
".Fortran" "elnet" "glmnet" "cv.glmnet" 
".Fortran" "elnet" "glmnet" "cv.glmnet" 
".Fortran" "elnet" "glmnet" "cv.glmnet" 
".Fortran" "elnet" "glmnet" "cv.glmnet" 
".Fortran" "elnet" "glmnet" "cv.glmnet" 
".Fortran" "elnet" "glmnet" "cv.glmnet" 
".Fortran" "elnet" "glmnet" "cv.glmnet" 
".Fortran" "elnet" "glmnet" "cv.glmnet" 
".Fortran" "elnet" "glmnet" "cv.glmnet" 
".Fortran" "elnet" "glmnet" "cv.glmnet" 
".Fortran" "elnet" "glmnet" "cv.glmnet" 
".Fortran" "elnet" "glmnet" "cv.glmnet" 
".Fortran" "elnet" "glmnet" "cv.glmnet" 
".Fortran" "elnet" "glmnet" "cv.glmnet" 
".Fortran" "elnet" "glmnet" "cv.glmnet" 
".Fortran" "elnet" "glmnet" "cv.glmnet" 
".Fortran" "elnet" "glmnet" "cv.glmnet" 
".Fortran" "elnet" "glmnet" "cv.glmnet" 
".Fortran" "elnet" "glmnet" "cv.glmnet" 
".Fortran" "elnet" "glmnet" "cv.glmnet" 
".Fortran" "elnet" "glmnet" "cv.glmnet" 
".Fortran" "elnet" "glmnet" "cv.glmnet" 
".Fortran" "elnet" "glmnet" "cv.glmnet" 
".Fortran" "elnet" "glmnet" "cv.glmnet" 
".Fortran" "elnet" "glmnet" "cv.glmnet" 
".Fortran" "elnet" "glmnet" "cv.glmnet" 
".Fortran" "elnet" "glmnet" "cv.glmnet" 
".Fortran" "elnet" "glmnet" "cv.glmnet" 
".Fortran" "elnet" "glmnet" "cv.glmnet" 
".Fortran" "elnet" "glmnet" "cv.glmnet" 
".Fortran" "elnet" "glmnet" "cv.glmnet" 
".Fortran" "elnet" "glmnet" "cv.glmnet" 
".Fortran" "elnet" "glmnet" "cv.glmnet" 
".Fortran" "elnet" "glmnet" "cv.glmnet" 
".Fortran" "elnet" "glmnet" "cv.glmnet" 
".Fortran" "elnet" "glmnet" "cv.glmnet" 
".Fortran" "elnet" "glmnet" "cv.glmnet" 
".Fortran" "elnet" "glmnet" "cv.glmnet" 
".Fortran" "elnet" "glmnet" "cv.glmnet" 
".Fortran" "elnet" "glmnet" "cv.glmnet" 
".Fortran" "elnet" "glmnet" "cv.glmnet" 
".Fortran" "elnet" "glmnet" "cv.glmnet" 
".Fortran" "elnet" "glmnet" "cv.glmnet" 
".Fortran" "elnet" "glmnet" "cv.glmnet" 
".Fortran" "elnet" "glmnet" "cv.glmnet" 
".Fortran" "elnet" "glmnet" "cv.glmnet" 
".Fortran" "elnet" "glmnet" "cv.glmnet" 
".Fortran" "elnet" "glmnet" "cv.glmnet" 
".Fortran" "elnet" "glmnet" "cv.glmnet" 
".Fortran" "elnet" "glmnet" "cv.glmnet" 
".Fortran" "elnet" "glmnet" "cv.glmnet" 
".Fortran" "elnet" "glmnet" "cv.glmnet" 
".Fortran" "elnet" "glmnet" "cv.glmnet" 
".Fortran" "elnet" "glmnet" "cv.glmnet" 
".Fortran" "elnet" "glmnet" "cv.glmnet" 
".Fortran" "elnet" "glmnet" "cv.glmnet" 
".Fortran" "elnet" "glmnet" "cv.glmnet" 
".Fortran" "elnet" "glmnet" "cv.glmnet" 
".Fortran" "elnet" "glmnet" "cv.glmnet" 
".Fortran" "elnet" "glmnet" "cv.glmnet" 
".Fortran" "elnet" "glmnet" "cv.glmnet" 
".Fortran" "elnet" "glmnet" "cv.glmnet" 
".Fortran" "elnet" "glmnet" "cv.glmnet" 
".Fortran" "elnet" "glmnet" "cv.glmnet" 
".Fortran" "elnet" "glmnet" "cv.glmnet" 
".Fortran" "elnet" "glmnet" "cv.glmnet" 
"matrix" "getcoef" "elnet" "glmnet" "cv.glmnet" 
"matrix" "getcoef" "elnet" "glmnet" "cv.glmnet" 
"matrix" "getcoef" "elnet" "glmnet" "cv.glmnet" 
"matrix" "getcoef" "elnet" "glmnet" "cv.glmnet" 
"matrix" "getcoef" "elnet" "glmnet" "cv.glmnet" 
"matrix" "getcoef" "elnet" "glmnet" "cv.glmnet" 
"matrix" "getcoef" "elnet" "glmnet" "cv.glmnet" 
"predict.glmnet" "NextMethod" "predict.elnet" "predict" "lapply" "sapply" "cv.glmnet" 
"nonzeroCoef" "predict.glmnet" "NextMethod" "predict.elnet" "predict" "lapply" "sapply" "cv.glmnet" 
"close" "readRDS" "loadNamespace" "doTryCatch" "tryCatchOne" "tryCatchList" "tryCatch" "getNamespace" "asNamespace" "getExportedValue" "::" "comp" "<Anonymous>" "%dopar%" "cv.glmnet" 
".Call" "mcfork" "FUN" "lapply" "mclapply" "<Anonymous>" "%dopar%" "cv.glmnet" 

".Fortran" "elnet" "glmnet" "cv.glmnet" 
".Fortran" "elnet" "glmnet" "cv.glmnet" 
".Fortran" "elnet" "glmnet" "cv.glmnet" 
".Fortran" "elnet" "glmnet" "cv.glmnet" 
".Fortran" "elnet" "glmnet" "cv.glmnet" 
".Fortran" "elnet" "glmnet" "cv.glmnet" 
".Fortran" "elnet" "glmnet" "cv.glmnet" 
".Fortran" "elnet" "glmnet" "cv.glmnet" 
".Fortran" "elnet" "glmnet" "cv.glmnet" 
".Fortran" "elnet" "glmnet" "cv.glmnet" 
".Fortran" "elnet" "glmnet" "cv.glmnet" 
".Fortran" "elnet" "glmnet" "cv.glmnet" 
".Fortran" "elnet" "glmnet" "cv.glmnet" 
".Fortran" "elnet" "glmnet" "cv.glmnet" 
".Fortran" "elnet" "glmnet" "cv.glmnet" 
".Fortran" "elnet" "glmnet" "cv.glmnet" 
".Fortran" "elnet" "glmnet" "cv.glmnet" 
".Fortran" "elnet" "glmnet" "cv.glmnet" 
".Fortran" "elnet" "glmnet" "cv.glmnet" 
".Fortran" "elnet" "glmnet" "cv.glmnet" 
".Fortran" "elnet" "glmnet" "cv.glmnet" 
".Fortran" "elnet" "glmnet" "cv.glmnet" 
".Fortran" "elnet" "glmnet" "cv.glmnet" 
".Fortran" "elnet" "glmnet" "cv.glmnet" 
".Fortran" "elnet" "glmnet" "cv.glmnet" 
".Fortran" "elnet" "glmnet" "cv.glmnet" 
".Fortran" "elnet" "glmnet" "cv.glmnet" 
".Fortran" "elnet" "glmnet" "cv.glmnet" 
".Fortran" "elnet" "glmnet" "cv.glmnet" 
".Fortran" "elnet" "glmnet" "cv.glmnet" 
".Fortran" "elnet" "glmnet" "cv.glmnet" 
".Fortran" "elnet" "glmnet" "cv.glmnet" 
".Fortran" "elnet" "glmnet" "cv.glmnet" 
".Fortran" "elnet" "glmnet" "cv.glmnet" 
".Fortran" "elnet" "glmnet" "cv.glmnet" 
".Fortran" "elnet" "glmnet" "cv.glmnet" 
".Fortran" "elnet" "glmnet" "cv.glmnet" 
".Fortran" "elnet" "glmnet" "cv.glmnet" 
".Fortran" "elnet" "glmnet" "cv.glmnet" 
".Fortran" "elnet" "glmnet" "cv.glmnet" 
".Fortran" "elnet" "glmnet" "cv.glmnet" 
".Fortran" "elnet" "glmnet" "cv.glmnet" 
".Fortran" "elnet" "glmnet" "cv.glmnet" 
".Fortran" "elnet" "glmnet" "cv.glmnet" 
".Fortran" "elnet" "glmnet" "cv.glmnet" 
".Fortran" "elnet" "glmnet" "cv.glmnet" 
".Fortran" "elnet" "glmnet" "cv.glmnet" 
".Fortran" "elnet" "glmnet" "cv.glmnet" 
".Fortran" "elnet" "glmnet" "cv.glmnet" 
".Fortran" "elnet" "glmnet" "cv.glmnet" 
".Fortran" "elnet" "glmnet" "cv.glmnet" 
".Fortran" "elnet" "glmnet" "cv.glmnet" 
".Fortran" "elnet" "glmnet" "cv.glmnet" 
".Fortran" "elnet" "glmnet" "cv.glmnet" 
".Fortran" "elnet" "glmnet" "cv.glmnet" 
".Fortran" "elnet" "glmnet" "cv.glmnet" 
".Fortran" "elnet" "glmnet" "cv.glmnet" 
".Fortran" "elnet" "glmnet" "cv.glmnet" 
".Fortran" "elnet" "glmnet" "cv.glmnet" 
".Fortran" "elnet" "glmnet" "cv.glmnet" 
".Fortran" "elnet" "glmnet" "cv.glmnet" 
".Fortran" "elnet" "glmnet" "cv.glmnet" 
".Fortran" "elnet" "glmnet" "cv.glmnet" 
".Fortran" "elnet" "glmnet" "cv.glmnet" 
".Fortran" "elnet" "glmnet" "cv.glmnet" 
".Fortran" "elnet" "glmnet" "cv.glmnet" 
".Fortran" "elnet" "glmnet" "cv.glmnet" 
".Fortran" "elnet" "glmnet" "cv.glmnet" 
".Fortran" "elnet" "glmnet" "cv.glmnet" 
".Fortran" "elnet" "glmnet" "cv.glmnet" 
".Fortran" "elnet" "glmnet" "cv.glmnet" 
".Fortran" "elnet" "glmnet" "cv.glmnet" 
".Fortran" "elnet" "glmnet" "cv.glmnet" 
".Fortran" "elnet" "glmnet" "cv.glmnet" 
".Fortran" "elnet" "glmnet" "cv.glmnet" 
".Fortran" "elnet" "glmnet" "cv.glmnet" 
".Fortran" "elnet" "glmnet" "cv.glmnet" 
".Fortran" "elnet" "glmnet" "cv.glmnet" 
".Fortran" "elnet" "glmnet" "cv.glmnet" 
"matrix" "getcoef" "elnet" "glmnet" "cv.glmnet" 
"matrix" "getcoef" "elnet" "glmnet" "cv.glmnet" 
"matrix" "getcoef" "elnet" "glmnet" "cv.glmnet" 
"matrix" "getcoef" "elnet" "glmnet" "cv.glmnet" 
"matrix" "getcoef" "elnet" "glmnet" "cv.glmnet" 
"matrix" "getcoef" "elnet" "glmnet" "cv.glmnet" 
"matrix" "getcoef" "elnet" "glmnet" "cv.glmnet" 
"predict.glmnet" "NextMethod" "predict.elnet" "predict" "lapply" "sapply" "cv.glmnet" 
"nonzeroCoef" "predict.glmnet" "NextMethod" "predict.elnet" "predict" "lapply" "sapply" "cv.glmnet" 
"close" "readRDS" "loadNamespace" "doTryCatch" "tryCatchOne" "tryCatchList" "tryCatch" "getNamespace" "asNamespace" "getExportedValue" "::" "comp" "<Anonymous>" "%dopar%" "cv.glmnet" 
".Call" "mcfork" "FUN" "lapply" "mclapply" "<Anonymous>" "%dopar%" "cv.glmnet" 

".Fortran" "elnet" "glmnet" "cv.glmnet" 
".Fortran" "elnet" "glmnet" "cv.glmnet" 
".Fortran" "elnet" "glmnet" "cv.glmnet" 
".Fortran" "elnet" "glmnet" "cv.glmnet" 
".Fortran" "elnet" "glmnet" "cv.glmnet" 
".Fortran" "elnet" "glmnet" "cv.glmnet" 
".Fortran" "elnet" "glmnet" "cv.glmnet" 
".Fortran" "elnet" "glmnet" "cv.glmnet" 
".Fortran" "elnet" "glmnet" "cv.glmnet" 
".Fortran" "elnet" "glmnet" "cv.glmnet" 
".Fortran" "elnet" "glmnet" "cv.glmnet" 
".Fortran" "elnet" "glmnet" "cv.glmnet" 
".Fortran" "elnet" "glmnet" "cv.glmnet" 
".Fortran" "elnet" "glmnet" "cv.glmnet" 
".Fortran" "elnet" "glmnet" "cv.glmnet" 
".Fortran" "elnet" "glmnet" "cv.glmnet" 
".Fortran" "elnet" "glmnet" "cv.glmnet" 
".Fortran" "elnet" "glmnet" "cv.glmnet" 
".Fortran" "elnet" "glmnet" "cv.glmnet" 
".Fortran" "elnet" "glmnet" "cv.glmnet" 
".Fortran" "elnet" "glmnet" "cv.glmnet" 
".Fortran" "elnet" "glmnet" "cv.glmnet" 
".Fortran" "elnet" "glmnet" "cv.glmnet" 
".Fortran" "elnet" "glmnet" "cv.glmnet" 
".Fortran" "elnet" "glmnet" "cv.glmnet" 
".Fortran" "elnet" "glmnet" "cv.glmnet" 
".Fortran" "elnet" "glmnet" "cv.glmnet" 
".Fortran" "elnet" "glmnet" "cv.glmnet" 
".Fortran" "elnet" "glmnet" "cv.glmnet" 
".Fortran" "elnet" "glmnet" "cv.glmnet" 
".Fortran" "elnet" "glmnet" "cv.glmnet" 
".Fortran" "elnet" "glmnet" "cv.glmnet" 
".Fortran" "elnet" "glmnet" "cv.glmnet" 
".Fortran" "elnet" "glmnet" "cv.glmnet" 
".Fortran" "elnet" "glmnet" "cv.glmnet" 
".Fortran" "elnet" "glmnet" "cv.glmnet" 
".Fortran" "elnet" "glmnet" "cv.glmnet" 
".Fortran" "elnet" "glmnet" "cv.glmnet" 
".Fortran" "elnet" "glmnet" "cv.glmnet" 
".Fortran" "elnet" "glmnet" "cv.glmnet" 
".Fortran" "elnet" "glmnet" "cv.glmnet" 
".Fortran" "elnet" "glmnet" "cv.glmnet" 
".Fortran" "elnet" "glmnet" "cv.glmnet" 
".Fortran" "elnet" "glmnet" "cv.glmnet" 
".Fortran" "elnet" "glmnet" "cv.glmnet" 
".Fortran" "elnet" "glmnet" "cv.glmnet" 
".Fortran" "elnet" "glmnet" "cv.glmnet" 
".Fortran" "elnet" "glmnet" "cv.glmnet" 
".Fortran" "elnet" "glmnet" "cv.glmnet" 
".Fortran" "elnet" "glmnet" "cv.glmnet" 
".Fortran" "elnet" "glmnet" "cv.glmnet" 
".Fortran" "elnet" "glmnet" "cv.glmnet" 
".Fortran" "elnet" "glmnet" "cv.glmnet" 
".Fortran" "elnet" "glmnet" "cv.glmnet" 
".Fortran" "elnet" "glmnet" "cv.glmnet" 
".Fortran" "elnet" "glmnet" "cv.glmnet" 
".Fortran" "elnet" "glmnet" "cv.glmnet" 
".Fortran" "elnet" "glmnet" "cv.glmnet" 
".Fortran" "elnet" "glmnet" "cv.glmnet" 
".Fortran" "elnet" "glmnet" "cv.glmnet" 
".Fortran" "elnet" "glmnet" "cv.glmnet" 
".Fortran" "elnet" "glmnet" "cv.glmnet" 
".Fortran" "elnet" "glmnet" "cv.glmnet" 
".Fortran" "elnet" "glmnet" "cv.glmnet" 
".Fortran" "elnet" "glmnet" "cv.glmnet" 
".Fortran" "elnet" "glmnet" "cv.glmnet" 
".Fortran" "elnet" "glmnet" "cv.glmnet" 
".Fortran" "elnet" "glmnet" "cv.glmnet" 
".Fortran" "elnet" "glmnet" "cv.glmnet" 
".Fortran" "elnet" "glmnet" "cv.glmnet" 
".Fortran" "elnet" "glmnet" "cv.glmnet" 
".Fortran" "elnet" "glmnet" "cv.glmnet" 
".Fortran" "elnet" "glmnet" "cv.glmnet" 
".Fortran" "elnet" "glmnet" "cv.glmnet" 
".Fortran" "elnet" "glmnet" "cv.glmnet" 
".Fortran" "elnet" "glmnet" "cv.glmnet" 
".Fortran" "elnet" "glmnet" "cv.glmnet" 
".Fortran" "elnet" "glmnet" "cv.glmnet" 
".Fortran" "elnet" "glmnet" "cv.glmnet" 
"matrix" "getcoef" "elnet" "glmnet" "cv.glmnet" 
"matrix" "getcoef" "elnet" "glmnet" "cv.glmnet" 
"matrix" "getcoef" "elnet" "glmnet" "cv.glmnet" 
"matrix" "getcoef" "elnet" "glmnet" "cv.glmnet" 
"matrix" "getcoef" "elnet" "glmnet" "cv.glmnet" 
"matrix" "getcoef" "elnet" "glmnet" "cv.glmnet" 
"matrix" "getcoef" "elnet" "glmnet" "cv.glmnet" 
"predict.glmnet" "NextMethod" "predict.elnet" "predict" "lapply" "sapply" "cv.glmnet" 
"nonzeroCoef" "predict.glmnet" "NextMethod" "predict.elnet" "predict" "lapply" "sapply" "cv.glmnet" 
"close" "readRDS" "loadNamespace" "doTryCatch" "tryCatchOne" "tryCatchList" "tryCatch" "getNamespace" "asNamespace" "getExportedValue" "::" "comp" "<Anonymous>" "%dopar%" "cv.glmnet" 
".Call" "mcfork" "FUN" "lapply" "mclapply" "<Anonymous>" "%dopar%" "cv.glmnet" 
mnet" 
".Call" "readChild" "mclapply" "<Anonymous>" "%dopar%" "cv.glmnet" 
".Call" "readChild" "mclapply" "<Anonymous>" "%dopar%" "cv.glmnet" 
".Call" "readChild" "mclapply" "<Anonymous>" "%dopar%" "cv.glmnet" 
"list" "fun" "eval" "eval" "callCombine" "accumulate.iforeach" "accumulate" "accumulator" "doTryCatch" "tryCatchOne" "tryCatchList" "tryCatch" "<Anonymous>" "%dopar%" "cv.glmnet" 
"list" "do.call" "cv.glmnet" 
"list" "do.call" "cv.glmnet" 
"list" "do.call" "cv.glmnet" 
"list" "do.call" "cv.glmnet" 
"list" "do.call" "cv.glmnet" 
"list" "do.call" "cv.glmnet" 
"list" "do.call" "cv.glmnet" 
"list" "do.call" "cv.glmnet" 
"list" "do.call" "cv.glmnet" 
"get" ".findInheritedMethods" "<Anonymous>" "%*%" "%*%" "predict.glmnet" "NextMethod" "predict.elnet" "predict" "cv.elnet" "do.call" "cv.glmnet" 
"inherits" "predict.glmnet" "NextMethod" "predict.elnet" "predict" "cv.elnet" "do.call" "cv.glmnet" 
"inherits" "predict.glmnet" "NextMethod" "predict.elnet" "predict" "cv.elnet" "do.call" "cv.glmnet" 
"inherits" "predict.glmnet" "NextMethod" "predict.elnet" "predict" "cv.elnet" "do.call" "cv.glmnet" 
"inherits" "predict.glmnet" "NextMethod" "predict.elnet" "predict" "cv.elnet" "do.call" "cv.glmnet" 
"inherits" "predict.glmnet" "NextMethod" "predict.elnet" "predict" "cv.elnet" "do.call" "cv.glmnet" 
"inherits" "predict.glmnet" "NextMethod" "predict.elnet" "predict" "cv.elnet" "do.call" "cv.glmnet" 
".__H__.cbind" ".local" "cbind2" "standardGeneric" "cbind2" "standardGeneric" "as.matrix" "predict.glmnet" "NextMethod" "predict.elnet" "predict" "cv.elnet" "do.call" "cv.glmnet" 
"t.default" "t" "standardGeneric" "t" "standardGeneric" "t" "%*%" "%*%" "%*%" "standardGeneric" "as.matrix" "predict.glmnet" "NextMethod" "predict.elnet" "predict" "cv.elnet" "do.call" "cv.glmnet" 
"t.default" "t" "standardGeneric" "t" "standardGeneric" "t" "%*%" "%*%" "%*%" "standardGeneric" "as.matrix" "predict.glmnet" "NextMethod" "predict.elnet" "predict" "cv.elnet" "do.call" "cv.glmnet" 
".Call" "standardGeneric" "t" "%*%" "%*%" "%*%" "standardGeneric" "as.matrix" "predict.glmnet" "NextMethod" "predict.elnet" "predict" "cv.elnet" "do.call" "cv.glmnet" 
".identC" "possibleExtends" "is" ".findMethodInTable" ".quickCoerceSelect" "as" "as_Csp2" ".rbind2Csp" "rbind2Sparse" ".local" "rbind2" "standardGeneric" "rbind2" ".local" "<Anonymous>" "standardGeneric" "<Anonymous>" "predict.glmnet" "NextMethod" "predict.elnet" "predict" "cv.elnet" "do.call" "cv.glmnet" 
"inherits" "predict.glmnet" "NextMethod" "predict.elnet" "predict" "cv.elnet" "do.call" "cv.glmnet" 
"inherits" "predict.glmnet" "NextMethod" "predict.elnet" "predict" "cv.elnet" "do.call" "cv.glmnet" 
"inherits" "predict.glmnet" "NextMethod" "predict.elnet" "predict" "cv.elnet" "do.call" "cv.glmnet" 
"inherits" "predict.glmnet" "NextMethod" "predict.elnet" "predict" "cv.elnet" "do.call" "cv.glmnet" 
"inherits" "predict.glmnet" "NextMethod" "predict.elnet" "predict" "cv.elnet" "do.call" "cv.glmnet" 
"inherits" "predict.glmnet" "NextMethod" "predict.elnet" "predict" "cv.elnet" "do.call" "cv.glmnet" 
".__H__.cbind" ".local" "cbind2" "standardGeneric" "cbind2" "standardGeneric" "as.matrix" "predict.glmnet" "NextMethod" "predict.elnet" "predict" "cv.elnet" "do.call" "cv.glmnet" 
"t.default" "t" "standardGeneric" "t" "standardGeneric" "t" "%*%" "%*%" "%*%" "standardGeneric" "as.matrix" "predict.glmnet" "NextMethod" "predict.elnet" "predict" "cv.elnet" "do.call" "cv.glmnet" 
"t.default" "t" "standardGeneric" "t" "standardGeneric" "t" "%*%" "%*%" "%*%" "standardGeneric" "as.matrix" "predict.glmnet" "NextMethod" "predict.elnet" "predict" "cv.elnet" "do.call" "cv.glmnet" 
".Call" "standardGeneric" "t" "%*%" "%*%" "%*%" "standardGeneric" "as.matrix" "predict.glmnet" "NextMethod" "predict.elnet" "predict" "cv.elnet" "do.call" "cv.glmnet" 
"match" "%in%" ".requirePackage" ".classEnv" "as" "validityMethod" "anyStrings" "validObject" "initialize" "standardGeneric" "initialize" "new" "Diagonal" "predict.glmnet" "NextMethod" "predict.elnet" "predict" "cv.elnet" "do.call" "cv.glmnet" 
"inherits" "predict.glmnet" "NextMethod" "predict.elnet" "predict" "cv.elnet" "do.call" "cv.glmnet" 
"inherits" "predict.glmnet" "NextMethod" "predict.elnet" "predict" "cv.elnet" "do.call" "cv.glmnet" 
"inherits" "predict.glmnet" "NextMethod" "predict.elnet" "predict" "cv.elnet" "do.call" "cv.glmnet" 
"inherits" "predict.glmnet" "NextMethod" "predict.elnet" "predict" "cv.elnet" "do.call" "cv.glmnet" 
"inherits" "predict.glmnet" "NextMethod" "predict.elnet" "predict" "cv.elnet" "do.call" "cv.glmnet" 
"inherits" "predict.glmnet" "NextMethod" "predict.elnet" "predict" "cv.elnet" "do.call" "cv.glmnet" 
".__H__.cbind" ".local" "cbind2" "standardGeneric" "cbind2" "standardGeneric" "as.matrix" "predict.glmnet" "NextMethod" "predict.elnet" "predict" "cv.elnet" "do.call" "cv.glmnet" 
"t.default" "t" "standardGeneric" "t" "standardGeneric" "t" "%*%" "%*%" "%*%" "standardGeneric" "as.matrix" "predict.glmnet" "NextMethod" "predict.elnet" "predict" "cv.elnet" "do.call" "cv.glmnet" 
"t.default" "t" "standardGeneric" "t" "standardGeneric" "t" "%*%" "%*%" "%*%" "standardGeneric" "as.matrix" "predict.glmnet" "NextMethod" "predict.elnet" "predict" "cv.elnet" "do.call" "cv.glmnet" 
".Call" "standardGeneric" "t" "%*%" "%*%" "%*%" "standardGeneric" "as.matrix" "predict.glmnet" "NextMethod" "predict.elnet" "predict" "cv.elnet" "do.call" "cv.glmnet" 
"as" "as_Csp2" ".rbind2Csp" "rbind2Sparse" ".local" "rbind2" "standardGeneric" "rbind2" ".local" "<Anonymous>" "standardGeneric" "<Anonymous>" "predict.glmnet" "NextMethod" "predict.elnet" "predict" "cv.elnet" "do.call" "cv.glmnet" 
"inherits" "predict.glmnet" "NextMethod" "predict.elnet" "predict" "cv.elnet" "do.call" "cv.glmnet" 
"inherits" "predict.glmnet" "NextMethod" "predict.elnet" "predict" "cv.elnet" "do.call" "cv.glmnet" 
"inherits" "predict.glmnet" "NextMethod" "predict.elnet" "predict" "cv.elnet" "do.call" "cv.glmnet" 
"inherits" "predict.glmnet" "NextMethod" "predict.elnet" "predict" "cv.elnet" "do.call" "cv.glmnet" 
"inherits" "predict.glmnet" "NextMethod" "predict.elnet" "predict" "cv.elnet" "do.call" "cv.glmnet" 
"inherits" "predict.glmnet" "NextMethod" "predict.elnet" "predict" "cv.elnet" "do.call" "cv.glmnet" 
"inherits" "predict.glmnet" "NextMethod" "predict.elnet" "predict" "cv.elnet" "do.call" "cv.glmnet" 
"inherits" "predict.glmnet" "NextMethod" "predict.elnet" "predict" "cv.elnet" "do.call" "cv.glmnet" 
"inherits" "predict.glmnet" "NextMethod" "predict.elnet" "predict" "cv.elnet" "do.call" "cv.glmnet" 
"inherits" "predict.glmnet" "NextMethod" "predict.elnet" "predict" "cv.elnet" "do.call" "cv.glmnet" 
".__H__.cbind" ".local" "cbind2" "standardGeneric" "cbind2" "standardGeneric" "as.matrix" "predict.glmnet" "NextMethod" "predict.elnet" "predict" "cv.elnet" "do.call" "cv.glmnet" 
"t.default" "t" "standardGeneric" "t" "standardGeneric" "t" "%*%" "%*%" "%*%" "standardGeneric" "as.matrix" "predict.glmnet" "NextMethod" "predict.elnet" "predict" "cv.elnet" "do.call" "cv.glmnet" 
".Call" "standardGeneric" "t" "%*%" "%*%" "%*%" "standardGeneric" "as.matrix" "predict.glmnet" "NextMethod" "predict.elnet" "predict" "cv.elnet" "do.call" "cv.glmnet" 
"cv.elnet" "do.call" "cv.glmnet" 
"inherits" "predict.glmnet" "NextMethod" "predict.elnet" "predict" "cv.elnet" "do.call" "cv.glmnet" 
"inherits" "predict.glmnet" "NextMethod" "predict.elnet" "predict" "cv.elnet" "do.call" "cv.glmnet" 
"inherits" "predict.glmnet" "NextMethod" "predict.elnet" "predict" "cv.elnet" "do.call" "cv.glmnet" 
"inherits" "predict.glmnet" "NextMethod" "predict.elnet" "predict" "cv.elnet" "do.call" "cv.glmnet" 
"inherits" "predict.glmnet" "NextMethod" "predict.elnet" "predict" "cv.elnet" "do.call" "cv.glmnet" 
"inherits" "predict.glmnet" "NextMethod" "predict.elnet" "predict" "cv.elnet" "do.call" "cv.glmnet" 
".__H__.cbind" ".local" "cbind2" "standardGeneric" "cbind2" "standardGeneric" "as.matrix" "predict.glmnet" "NextMethod" "predict.elnet" "predict" "cv.elnet" "do.call" "cv.glmnet" 
"t.default" "t" "standardGeneric" "t" "standardGeneric" "t" "%*%" "%*%" "%*%" "standardGeneric" "as.matrix" "predict.glmnet" "NextMethod" "predict.elnet" "predict" "cv.elnet" "do.call" "cv.glmnet" 
"t.default" "t" "standardGeneric" "t" "standardGeneric" "t" "%*%" "%*%" "%*%" "standardGeneric" "as.matrix" "predict.glmnet" "NextMethod" "predict.elnet" "predict" "cv.elnet" "do.call" "cv.glmnet" 
".Call" "standardGeneric" "t" "%*%" "%*%" "%*%" "standardGeneric" "as.matrix" "predict.glmnet" "NextMethod" "predict.elnet" "predict" "cv.elnet" "do.call" "cv.glmnet" 
"c" "initialize" "standardGeneric" "initialize" "new" "newTMat" ".Arith.Csparse" "+" "+" "+" "predict.glmnet" "NextMethod" "predict.elnet" "predict" "cv.elnet" "do.call" "cv.glmnet" 
"inherits" "predict.glmnet" "NextMethod" "predict.elnet" "predict" "cv.elnet" "do.call" "cv.glmnet" 
"inherits" "predict.glmnet" "NextMethod" "predict.elnet" "predict" "cv.elnet" "do.call" "cv.glmnet" 
"inherits" "predict.glmnet" "NextMethod" "predict.elnet" "predict" "cv.elnet" "do.call" "cv.glmnet" 
"inherits" "predict.glmnet" "NextMethod" "predict.elnet" "predict" "cv.elnet" "do.call" "cv.glmnet" 
"inherits" "predict.glmnet" "NextMethod" "predict.elnet" "predict" "cv.elnet" "do.call" "cv.glmnet" 
"inherits" "predict.glmnet" "NextMethod" "predict.elnet" "predict" "cv.elnet" "do.call" "cv.glmnet" 
".__H__.cbind" ".local" "cbind2" "standardGeneric" "cbind2" "standardGeneric" "as.matrix" "predict.glmnet" "NextMethod" "predict.elnet" "predict" "cv.elnet" "do.call" "cv.glmnet" 
"t.default" "t" "standardGeneric" "t" "standardGeneric" "t" "%*%" "%*%" "%*%" "standardGeneric" "as.matrix" "predict.glmnet" "NextMethod" "predict.elnet" "predict" "cv.elnet" "do.call" "cv.glmnet" 
".Call" "standardGeneric" "t" "%*%" "%*%" "%*%" "standardGeneric" "as.matrix" "predict.glmnet" "NextMethod" "predict.elnet" "predict" "cv.elnet" "do.call" "cv.glmnet" 
".Call" "standardGeneric" "t" "%*%" "%*%" "%*%" "standardGeneric" "as.matrix" "predict.glmnet" "NextMethod" "predict.elnet" "predict" "cv.elnet" "do.call" "cv.glmnet" 
"inherits" "predict.glmnet" "NextMethod" "predict.elnet" "predict" "cv.elnet" "do.call" "cv.glmnet" 
"inherits" "predict.glmnet" "NextMethod" "predict.elnet" "predict" "cv.elnet" "do.call" "cv.glmnet" 
"inherits" "predict.glmnet" "NextMethod" "predict.elnet" "predict" "cv.elnet" "do.call" "cv.glmnet" 
"inherits" "predict.glmnet" "NextMethod" "predict.elnet" "predict" "cv.elnet" "do.call" "cv.glmnet" 
"inherits" "predict.glmnet" "NextMethod" "predict.elnet" "predict" "cv.elnet" "do.call" "cv.glmnet" 
"inherits" "predict.glmnet" "NextMethod" "predict.elnet" "predict" "cv.elnet" "do.call" "cv.glmnet" 
".__H__.cbind" ".local" "cbind2" "standardGeneric" "cbind2" "standardGeneric" "as.matrix" "predict.glmnet" "NextMethod" "predict.elnet" "predict" "cv.elnet" "do.call" "cv.glmnet" 
"t.default" "t" "standardGeneric" "t" "standardGeneric" "t" "%*%" "%*%" "%*%" "standardGeneric" "as.matrix" "predict.glmnet" "NextMethod" "predict.elnet" "predict" "cv.elnet" "do.call" "cv.glmnet" 
"t.default" "t" "standardGeneric" "t" "standardGeneric" "t" "%*%" "%*%" "%*%" "standardGeneric" "as.matrix" "predict.glmnet" "NextMethod" "predict.elnet" "predict" "cv.elnet" "do.call" "cv.glmnet" 
"t.default" "t" "standardGeneric" "t" "standardGeneric" "t" "%*%" "%*%" "%*%" "standardGeneric" "as.matrix" "predict.glmnet" "NextMethod" "predict.elnet" "predict" "cv.elnet" "do.call" "cv.glmnet" 
"t.default" "t" "standardGeneric" "t" "standardGeneric" "t" "%*%" "%*%" "%*%" "standardGeneric" "as.matrix" "predict.glmnet" "NextMethod" "predict.elnet" "predict" "cv.elnet" "do.call" "cv.glmnet" 
"t.default" "t" "standardGeneric" "t" "standardGeneric" "t" "%*%" "%*%" "%*%" "standardGeneric" "as.matrix" "predict.glmnet" "NextMethod" "predict.elnet" "predict" "cv.elnet" "do.call" "cv.glmnet" 
".Call" "standardGeneric" "t" "%*%" "%*%" "%*%" "standardGeneric" "as.matrix" "predict.glmnet" "NextMethod" "predict.elnet" "predict" "cv.elnet" "do.call" "cv.glmnet" 
".Call" "standardGeneric" "t" "%*%" "%*%" "%*%" "standardGeneric" "as.matrix" "predict.glmnet" "NextMethod" "predict.elnet" "predict" "cv.elnet" "do.call" "cv.glmnet" 
".Call" ".Arith.Csparse" "+" "+" "+" "predict.glmnet" "NextMethod" "predict.elnet" "predict" "cv.elnet" "do.call" "cv.glmnet" 
"inherits" "predict.glmnet" "NextMethod" "predict.elnet" "predict" "cv.elnet" "do.call" "cv.glmnet" 
"inherits" "predict.glmnet" "NextMethod" "predict.elnet" "predict" "cv.elnet" "do.call" "cv.glmnet" 
"inherits" "predict.glmnet" "NextMethod" "predict.elnet" "predict" "cv.elnet" "do.call" "cv.glmnet" 
"inherits" "predict.glmnet" "NextMethod" "predict.elnet" "predict" "cv.elnet" "do.call" "cv.glmnet" 
"inherits" "predict.glmnet" "NextMethod" "predict.elnet" "predict" "cv.elnet" "do.call" "cv.glmnet" 
".__H__.cbind" ".local" "cbind2" "standardGeneric" "cbind2" "standardGeneric" "as.matrix" "predict.glmnet" "NextMethod" "predict.elnet" "predict" "cv.elnet" "do.call" "cv.glmnet" 
"t.default" "t" "standardGeneric" "t" "standardGeneric" "t" "%*%" "%*%" "%*%" "standardGeneric" "as.matrix" "predict.glmnet" "NextMethod" "predict.elnet" "predict" "cv.elnet" "do.call" "cv.glmnet" 
"t.default" "t" "standardGeneric" "t" "standardGeneric" "t" "%*%" "%*%" "%*%" "standardGeneric" "as.matrix" "predict.glmnet" "NextMethod" "predict.elnet" "predict" "cv.elnet" "do.call" "cv.glmnet" 
".Call" "standardGeneric" "t" "%*%" "%*%" "%*%" "standardGeneric" "as.matrix" "predict.glmnet" "NextMethod" "predict.elnet" "predict" "cv.elnet" "do.call" "cv.glmnet" 
"Cspdiagprod" "%*%" "%*%" "%*%" "predict.glmnet" "NextMethod" "predict.elnet" "predict" "cv.elnet" "do.call" "cv.glmnet" 
"inherits" "predict.glmnet" "NextMethod" "predict.elnet" "predict" "cv.elnet" "do.call" "cv.glmnet" 
"inherits" "predict.glmnet" "NextMethod" "predict.elnet" "predict" "cv.elnet" "do.call" "cv.glmnet" 
"inherits" "predict.glmnet" "NextMethod" "predict.elnet" "predict" "cv.elnet" "do.call" "cv.glmnet" 
"inherits" "predict.glmnet" "NextMethod" "predict.elnet" "predict" "cv.elnet" "do.call" "cv.glmnet" 
"inherits" "predict.glmnet" "NextMethod" "predict.elnet" "predict" "cv.elnet" "do.call" "cv.glmnet" 
"inherits" "predict.glmnet" "NextMethod" "predict.elnet" "predict" "cv.elnet" "do.call" "cv.glmnet" 
".__H__.cbind" ".local" "cbind2" "standardGeneric" "cbind2" "standardGeneric" "as.matrix" "predict.glmnet" "NextMethod" "predict.elnet" "predict" "cv.elnet" "do.call" "cv.glmnet" 
"t.default" "t" "standardGeneric" "t" "standardGeneric" "t" "%*%" "%*%" "%*%" "standardGeneric" "as.matrix" "predict.glmnet" "NextMethod" "predict.elnet" "predict" "cv.elnet" "do.call" "cv.glmnet" 
".Call" "standardGeneric" "t" "%*%" "%*%" "%*%" "standardGeneric" "as.matrix" "predict.glmnet" "NextMethod" "predict.elnet" "predict" "cv.elnet" "do.call" "cv.glmnet" 
".Call" "standardGeneric" "t" "%*%" "%*%" "%*%" "standardGeneric" "as.matrix" "predict.glmnet" "NextMethod" "predict.elnet" "predict" "cv.elnet" "do.call" "cv.glmnet" 
"inherits" "predict.glmnet" "NextMethod" "predict.elnet" "predict" "cv.elnet" "do.call" "cv.glmnet" 
"inherits" "predict.glmnet" "NextMethod" "predict.elnet" "predict" "cv.elnet" "do.call" "cv.glmnet" 
"inherits" "predict.glmnet" "NextMethod" "predict.elnet" "predict" "cv.elnet" "do.call" "cv.glmnet" 
"inherits" "predict.glmnet" "NextMethod" "predict.elnet" "predict" "cv.elnet" "do.call" "cv.glmnet" 
"inherits" "predict.glmnet" "NextMethod" "predict.elnet" "predict" "cv.elnet" "do.call" "cv.glmnet" 
"inherits" "predict.glmnet" "NextMethod" "predict.elnet" "predict" "cv.elnet" "do.call" "cv.glmnet" 
".__H__.cbind" ".local" "cbind2" "standardGeneric" "cbind2" "standardGeneric" "as.matrix" "predict.glmnet" "NextMethod" "predict.elnet" "predict" "cv.elnet" "do.call" "cv.glmnet" 
".__H__.cbind" ".local" "cbind2" "standardGeneric" "cbind2" "standardGeneric" "as.matrix" "predict.glmnet" "NextMethod" "predict.elnet" "predict" "cv.elnet" "do.call" "cv.glmnet" 
"t.default" "t" "standardGeneric" "t" "standardGeneric" "t" "%*%" "%*%" "%*%" "standardGeneric" "as.matrix" "predict.glmnet" "NextMethod" "predict.elnet" "predict" "cv.elnet" "do.call" "cv.glmnet" 
".Call" "standardGeneric" "t" "%*%" "%*%" "%*%" "standardGeneric" "as.matrix" "predict.glmnet" "NextMethod" "predict.elnet" "predict" "cv.elnet" "do.call" "cv.glmnet" 
"as.character" "factor" "as.factor" "split.default" "split" "lapply" "tapply" "cvcompute" "cv.elnet" "do.call" "cv.glmnet" 
"FUN" "apply" "cvcompute" "cv.elnet" "do.call" "cv.glmnet" 
sample.interval=20000
"eval" "model.frame.default" "<Anonymous>" "eval" "eval" "lm" 
"eval" "model.frame.default" "<Anonymous>" "eval" "eval" "lm" 
"eval" "model.frame.default" "<Anonymous>" "eval" "eval" "lm" 
