sample.interval=20000
"as.double" "elnet" "glmnet" "cv.glmnet" 
"as.double" "elnet" "glmnet" "cv.glmnet" 
"as.double" "elnet" "glmnet" "cv.glmnet" 
"as.double" "elnet" "glmnet" "cv.glmnet" 
"as.double" "elnet" "glmnet" "cv.glmnet" 
"as.double" "elnet" "glmnet" "cv.glmnet" 
"as.double" "elnet" "glmnet" "cv.glmnet" 
"as.double" "elnet" "glmnet" "cv.glmnet" 
".Fortran" "elnet" "glmnet" "cv.glmnet" 
".Fortran" "elnet" "glmnet" "cv.glmnet" 
".Fortran" "elnet" "glmnet" "cv.glmnet" 
".Fortran" "elnet" "glmnet" "cv.glmnet" 
".Fortran" "elnet" "glmnet" "cv.glmnet" 
".Fortran" "elnet" "glmnet" "cv.glmnet" 
".Fortran" "elnet" "glmnet" "cv.glmnet" 
".Fortran" "elnet" "glmnet" "cv.glmnet" 
".Fortran" "elnet" "glmnet" "cv.glmnet" 
".Fortran" "elnet" "glmnet" "cv.glmnet" 
".Fortran" "elnet" "glmnet" "cv.glmnet" 
".Fortran" "elnet" "glmnet" "cv.glmnet" 
".Fortran" "elnet" "glmnet" "cv.glmnet" 
".Fortran" "elnet" "glmnet" "cv.glmnet" 
".Fortran" "elnet" "glmnet" "cv.glmnet" 
".Fortran" "elnet" "glmnet" "cv.glmnet" 
".Fortran" "elnet" "glmnet" "cv.glmnet" 
".Fortran" "elnet" "glmnet" "cv.glmnet" 
".Fortran" "elnet" "glmnet" "cv.glmnet" 
".Fortran" "elnet" "glmnet" "cv.glmnet" 
".Fortran" "elnet" "glmnet" "cv.glmnet" 
".Fortran" "elnet" "glmnet" "cv.glmnet" 
".Fortran" "elnet" "glmnet" "cv.glmnet" 
".Fortran" "elnet" "glmnet" "cv.glmnet" 
".Fortran" "elnet" "glmnet" "cv.glmnet" 
".Fortran" "elnet" "glmnet" "cv.glmnet" 
".Fortran" "elnet" "glmnet" "cv.glmnet" 
".Fortran" "elnet" "glmnet" "cv.glmnet" 
".Fortran" "elnet" "glmnet" "cv.glmnet" 
".Fortran" "elnet" "glmnet" "cv.glmnet" 
".Fortran" "elnet" "glmnet" "cv.glmnet" 
".Fortran" "elnet" "glmnet" "cv.glmnet" 
".Fortran" "elnet" "glmnet" "cv.glmnet" 
".Fortran" "elnet" "glmnet" "cv.glmnet" 
".Fortran" "elnet" "glmnet" "cv.glmnet" 
".Fortran" "elnet" "glmnet" "cv.glmnet" 
".Fortran" "elnet" "glmnet" "cv.glmnet" 
".Fortran" "elnet" "glmnet" "cv.glmnet" 
".Fortran" "elnet" "glmnet" "cv.glmnet" 
".Fortran" "elnet" "glmnet" "cv.glmnet" 
".Fortran" "elnet" "glmnet" "cv.glmnet" 
".Fortran" "elnet" "glmnet" "cv.glmnet" 
".Fortran" "elnet" "glmnet" "cv.glmnet" 
".Fortran" "elnet" "glmnet" "cv.glmnet" 
".Fortran" "elnet" "glmnet" "cv.glmnet" 
".Fortran" "elnet" "glmnet" "cv.glmnet" 
".Fortran" "elnet" "glmnet" "cv.glmnet" 
".Fortran" "elnet" "glmnet" "cv.glmnet" 
".Fortran" "elnet" "glmnet" "cv.glmnet" 
".Fortran" "elnet" "glmnet" "cv.glmnet" 
".Fortran" "elnet" "glmnet" "cv.glmnet" 
".Fortran" "elnet" "glmnet" "cv.glmnet" 
".Fortran" "elnet" "glmnet" "cv.glmnet" 
".Fortran" "elnet" "glmnet" "cv.glmnet" 
".Fortran" "elnet" "glmnet" "cv.glmnet" 
".Fortran" "elnet" "glmnet" "cv.glmnet" 
".Fortran" "elnet" "glmnet" "cv.glmnet" 
".Fortran" "elnet" "glmnet" "cv.glmnet" 
".Fortran" "elnet" "glmnet" "cv.glmnet" 
".Fortran" "elnet" "glmnet" "cv.glmnet" 
".Fortran" "elnet" "glmnet" "cv.glmnet" 
".Fortran" "elnet" "glmnet" "cv.glmnet" 
".Fortran" "elnet" "glmnet" "cv.glmnet" 
".Fortran" "elnet" "glmnet" "cv.glmnet" 
".Fortran" "elnet" "glmnet" "cv.glmnet" 
".Fortran" "elnet" "glmnet" "cv.glmnet" 
".Fortran" "elnet" "glmnet" "cv.glmnet" 
".Fortran" "elnet" "glmnet" "cv.glmnet" 
".Fortran" "elnet" "glmnet" "cv.glmnet" 
".Fortran" "elnet" "glmnet" "cv.glmnet" 
".Fortran" "elnet" "glmnet" "cv.glmnet" 
".Fortran" "elnet" "glmnet" "cv.glmnet" 
".Fortran" "elnet" "glmnet" "cv.glmnet" 
".Fortran" "elnet" "glmnet" "cv.glmnet" 
".Fortran" "elnet" "glmnet" "cv.glmnet" 
".Fortran" "elnet" "glmnet" "cv.glmnet" 
".Fortran" "elnet" "glmnet" "cv.glmnet" 
".Fortran" "elnet" "glmnet" "cv.glmnet" 
".Fortran" "elnet" "glmnet" "cv.glmnet" 
".Fortran" "elnet" "glmnet" "cv.glmnet" 
".Fortran" "elnet" "glmnet" "cv.glmnet" 
".Fortran" "elnet" "glmnet" "cv.glmnet" 
".Fortran" "elnet" "glmnet" "cv.glmnet" 
".Fortran" "elnet" "glmnet" "cv.glmnet" 
".Fortran" "elnet" "glmnet" "cv.glmnet" 
".Fortran" "elnet" "glmnet" "cv.glmnet" 
".Fortran" "elnet" "glmnet" "cv.glmnet" 
".Fortran" "elnet" "glmnet" "cv.glmnet" 
".Fortran" "elnet" "glmnet" "cv.glmnet" 
".Fortran" "elnet" "glmnet" "cv.glmnet" 
".Fortran" "elnet" "glmnet" "cv.glmnet" 
".Fortran" "elnet" "glmnet" "cv.glmnet" 
".Fortran" "elnet" "glmnet" "cv.glmnet" 
".Fortran" "elnet" "glmnet" "cv.glmnet" 
".Fortran" "elnet" "glmnet" "cv.glmnet" 
".Fortran" "elnet" "glmnet" "cv.glmnet" 
".Fortran" "elnet" "glmnet" "cv.glmnet" 
".Fortran" "elnet" "glmnet" "cv.glmnet" 
".Fortran" "elnet" "glmnet" "cv.glmnet" 
".Fortran" "elnet" "glmnet" "cv.glmnet" 
".Fortran" "elnet" "glmnet" "cv.glmnet" 
".Fortran" "elnet" "glmnet" "cv.glmnet" 
".Fortran" "elnet" "glmnet" "cv.glmnet" 
".Fortran" "elnet" "glmnet" "cv.glmnet" 
".Fortran" "elnet" "glmnet" "cv.glmnet" 
".Fortran" "elnet" "glmnet" "cv.glmnet" 
".Fortran" "elnet" "glmnet" "cv.glmnet" 
".Fortran" "elnet" "glmnet" "cv.glmnet" 
".Fortran" "elnet" "glmnet" "cv.glmnet" 
".Fortran" "elnet" "glmnet" "cv.glmnet" 
".Fortran" "elnet" "glmnet" "cv.glmnet" 
".Fortran" "elnet" "glmnet" "cv.glmnet" 
".Fortran" "elnet" "glmnet" "cv.glmnet" 
".Fortran" "elnet" "glmnet" "cv.glmnet" 
".Fortran" "elnet" "glmnet" "cv.glmnet" 
".Fortran" "elnet" "glmnet" "cv.glmnet" 
".Fortran" "elnet" "glmnet" "cv.glmnet" 
".Fortran" "elnet" "glmnet" "cv.glmnet" 
".Fortran" "elnet" "glmnet" "cv.glmnet" 
".Fortran" "elnet" "glmnet" "cv.glmnet" 
".Fortran" "elnet" "glmnet" "cv.glmnet" 
".Fortran" "elnet" "glmnet" "cv.glmnet" 
".Fortran" "elnet" "glmnet" "cv.glmnet" 
".Fortran" "elnet" "glmnet" "cv.glmnet" 
".Fortran" "elnet" "glmnet" "cv.glmnet" 
".Fortran" "elnet" "glmnet" "cv.glmnet" 
".Fortran" "elnet" "glmnet" "cv.glmnet" 
".Fortran" "elnet" "glmnet" "cv.glmnet" 
".Fortran" "elnet" "glmnet" "cv.glmnet" 
".Fortran" "elnet" "glmnet" "cv.glmnet" 
".Fortran" "elnet" "glmnet" "cv.glmnet" 
".Fortran" "elnet" "glmnet" "cv.glmnet" 
".Fortran" "elnet" "glmnet" "cv.glmnet" 
".Fortran" "elnet" "glmnet" "cv.glmnet" 
".Fortran" "elnet" "glmnet" "cv.glmnet" 
".Fortran" "elnet" "glmnet" "cv.glmnet" 
".Fortran" "elnet" "glmnet" "cv.glmnet" 
".Fortran" "elnet" "glmnet" "cv.glmnet" 
".Fortran" "elnet" "glmnet" "cv.glmnet" 
".Fortran" "elnet" "glmnet" "cv.glmnet" 
".Fortran" "elnet" "glmnet" "cv.glmnet" 
".Fortran" "elnet" "glmnet" "cv.glmnet" 
".Fortran" "elnet" "glmnet" "cv.glmnet" 
".Fortran" "elnet" "glmnet" "cv.glmnet" 
".Fortran" "elnet" "glmnet" "cv.glmnet" 
".Fortran" "elnet" "glmnet" "cv.glmnet" 
".Fortran" "elnet" "glmnet" "cv.glmnet" 
".Fortran" "elnet" "glmnet" "cv.glmnet" 
".Fortran" "elnet" "glmnet" "cv.glmnet" 
".Fortran" "elnet" "glmnet" "cv.glmnet" 
".Fortran" "elnet" "glmnet" "cv.glmnet" 
".Fortran" "elnet" "glmnet" "cv.glmnet" 
".Fortran" "elnet" "glmnet" "cv.glmnet" 
".Fortran" "elnet" "glmnet" "cv.glmnet" 
".Fortran" "elnet" "glmnet" "cv.glmnet" 
".Fortran" "elnet" "glmnet" "cv.glmnet" 
".Fortran" "elnet" "glmnet" "cv.glmnet" 
".Fortran" "elnet" "glmnet" "cv.glmnet" 
".Fortran" "elnet" "glmnet" "cv.glmnet" 
".Fortran" "elnet" "glmnet" "cv.glmnet" 
".Fortran" "elnet" "glmnet" "cv.glmnet" 
".Fortran" "elnet" "glmnet" "cv.glmnet" 
".Fortran" "elnet" "glmnet" "cv.glmnet" 
".Fortran" "elnet" "glmnet" "cv.glmnet" 
".Fortran" "elnet" "glmnet" "cv.glmnet" 
".Fortran" "elnet" "glmnet" "cv.glmnet" 
".Fortran" "elnet" "glmnet" "cv.glmnet" 
".Fortran" "elnet" "glmnet" "cv.glmnet" 
".Fortran" "elnet" "glmnet" "cv.glmnet" 
".Fortran" "elnet" "glmnet" "cv.glmnet" 
".Fortran" "elnet" "glmnet" "cv.glmnet" 
".Fortran" "elnet" "glmnet" "cv.glmnet" 
".Fortran" "elnet" "glmnet" "cv.glmnet" 
".Fortran" "elnet" "glmnet" "cv.glmnet" 
".Fortran" "elnet" "glmnet" "cv.glmnet" 
".Fortran" "elnet" "glmnet" "cv.glmnet" 
".Fortran" "elnet" "glmnet" "cv.glmnet" 
".Fortran" "elnet" "glmnet" "cv.glmnet" 
".Fortran" "elnet" "glmnet" "cv.glmnet" 
".Fortran" "elnet" "glmnet" "cv.glmnet" 
".Fortran" "elnet" "glmnet" "cv.glmnet" 
".Fortran" "elnet" "glmnet" "cv.glmnet" 
".Fortran" "elnet" "glmnet" "cv.glmnet" 
".Fortran" "elnet" "glmnet" "cv.glmnet" 
".Fortran" "elnet" "glmnet" "cv.glmnet" 
".Fortran" "elnet" "glmnet" "cv.glmnet" 
".Fortran" "elnet" "glmnet" "cv.glmnet" 
".Fortran" "elnet" "glmnet" "cv.glmnet" 
".Fortran" "elnet" "glmnet" "cv.glmnet" 
".Fortran" "elnet" "glmnet" "cv.glmnet" 
".Fortran" "elnet" "glmnet" "cv.glmnet" 
".Fortran" "elnet" "glmnet" "cv.glmnet" 
".Fortran" "elnet" "glmnet" "cv.glmnet" 
".Fortran" "elnet" "glmnet" "cv.glmnet" 
".Fortran" "elnet" "glmnet" "cv.glmnet" 
".Fortran" "elnet" "glmnet" "cv.glmnet" 
".Fortran" "elnet" "glmnet" "cv.glmnet" 
".Fortran" "elnet" "glmnet" "cv.glmnet" 
".Fortran" "elnet" "glmnet" "cv.glmnet" 
".Fortran" "elnet" "glmnet" "cv.glmnet" 
".Fortran" "elnet" "glmnet" "cv.glmnet" 
".Fortran" "elnet" "glmnet" "cv.glmnet" 
".Fortran" "elnet" "glmnet" "cv.glmnet" 
".Fortran" "elnet" "glmnet" "cv.glmnet" 
".Fortran" "elnet" "glmnet" "cv.glmnet" 
".Fortran" "elnet" "glmnet" "cv.glmnet" 
".Fortran" "elnet" "glmnet" "cv.glmnet" 
".Fortran" "elnet" "glmnet" "cv.glmnet" 
".Fortran" "elnet" "glmnet" "cv.glmnet" 
".Fortran" "elnet" "glmnet" "cv.glmnet" 
".Fortran" "elnet" "glmnet" "cv.glmnet" 
".Fortran" "elnet" "glmnet" "cv.glmnet" 
".Fortran" "elnet" "glmnet" "cv.glmnet" 
".Fortran" "elnet" "glmnet" "cv.glmnet" 
".Fortran" "elnet" "glmnet" "cv.glmnet" 
".Fortran" "elnet" "glmnet" "cv.glmnet" 
".Fortran" "elnet" "glmnet" "cv.glmnet" 
".Fortran" "elnet" "glmnet" "cv.glmnet" 
".Fortran" "elnet" "glmnet" "cv.glmnet" 
".Fortran" "elnet" "glmnet" "cv.glmnet" 
".Fortran" "elnet" "glmnet" "cv.glmnet" 
".Fortran" "elnet" "glmnet" "cv.glmnet" 
".Fortran" "elnet" "glmnet" "cv.glmnet" 
".Fortran" "elnet" "glmnet" "cv.glmnet" 
".Fortran" "elnet" "glmnet" "cv.glmnet" 
".Fortran" "elnet" "glmnet" "cv.glmnet" 
".Fortran" "elnet" "glmnet" "cv.glmnet" 
".Fortran" "elnet" "glmnet" "cv.glmnet" 
".Fortran" "elnet" "glmnet" "cv.glmnet" 
".Fortran" "elnet" "glmnet" "cv.glmnet" 
".Fortran" "elnet" "glmnet" "cv.glmnet" 
".Fortran" "elnet" "glmnet" "cv.glmnet" 
".Fortran" "elnet" "glmnet" "cv.glmnet" 
".Fortran" "elnet" "glmnet" "cv.glmnet" 
".Fortran" "elnet" "glmnet" "cv.glmnet" 
".Fortran" "elnet" "glmnet" "cv.glmnet" 
".Fortran" "elnet" "glmnet" "cv.glmnet" 
".Fortran" "elnet" "glmnet" "cv.glmnet" 
".Fortran" "elnet" "glmnet" "cv.glmnet" 
".Fortran" "elnet" "glmnet" "cv.glmnet" 
".Fortran" "elnet" "glmnet" "cv.glmnet" 
".Fortran" "elnet" "glmnet" "cv.glmnet" 
".Fortran" "elnet" "glmnet" "cv.glmnet" 
".Fortran" "elnet" "glmnet" "cv.glmnet" 
".Fortran" "elnet" "glmnet" "cv.glmnet" 
".Fortran" "elnet" "glmnet" "cv.glmnet" 
".Fortran" "elnet" "glmnet" "cv.glmnet" 
".Fortran" "elnet" "glmnet" "cv.glmnet" 
".Fortran" "elnet" "glmnet" "cv.glmnet" 
".Fortran" "elnet" "glmnet" "cv.glmnet" 
".Fortran" "elnet" "glmnet" "cv.glmnet" 
".Fortran" "elnet" "glmnet" "cv.glmnet" 
".Fortran" "elnet" "glmnet" "cv.glmnet" 
".Fortran" "elnet" "glmnet" "cv.glmnet" 
".Fortran" "elnet" "glmnet" "cv.glmnet" 
".Fortran" "elnet" "glmnet" "cv.glmnet" 
".Fortran" "elnet" "glmnet" "cv.glmnet" 
".Fortran" "elnet" "glmnet" "cv.glmnet" 
".Fortran" "elnet" "glmnet" "cv.glmnet" 
".Fortran" "elnet" "glmnet" "cv.glmnet" 
".Fortran" "elnet" "glmnet" "cv.glmnet" 
".Fortran" "elnet" "glmnet" "cv.glmnet" 
".Fortran" "elnet" "glmnet" "cv.glmnet" 
".Fortran" "elnet" "glmnet" "cv.glmnet" 
".Fortran" "elnet" "glmnet" "cv.glmnet" 
".Fortran" "elnet" "glmnet" "cv.glmnet" 
".Fortran" "elnet" "glmnet" "cv.glmnet" 
".Fortran" "elnet" "glmnet" "cv.glmnet" 
".Fortran" "elnet" "glmnet" "cv.glmnet" 
".Fortran" "elnet" "glmnet" "cv.glmnet" 
".Fortran" "elnet" "glmnet" "cv.glmnet" 
".Fortran" "elnet" "glmnet" "cv.glmnet" 
".Fortran" "elnet" "glmnet" "cv.glmnet" 
".Fortran" "elnet" "glmnet" "cv.glmnet" 
".Fortran" "elnet" "glmnet" "cv.glmnet" 
".Fortran" "elnet" "glmnet" "cv.glmnet" 
".Fortran" "elnet" "glmnet" "cv.glmnet" 
".Fortran" "elnet" "glmnet" "cv.glmnet" 
".Fortran" "elnet" "glmnet" "cv.glmnet" 
".Fortran" "elnet" "glmnet" "cv.glmnet" 
".Fortran" "elnet" "glmnet" "cv.glmnet" 
".Fortran" "elnet" "glmnet" "cv.glmnet" 
".Fortran" "elnet" "glmnet" "cv.glmnet" 
".Fortran" "elnet" "glmnet" "cv.glmnet" 
".Fortran" "elnet" "glmnet" "cv.glmnet" 
".Fortran" "elnet" "glmnet" "cv.glmnet" 
".Fortran" "elnet" "glmnet" "cv.glmnet" 
".Fortran" "elnet" "glmnet" "cv.glmnet" 
".Fortran" "elnet" "glmnet" "cv.glmnet" 
".Fortran" "elnet" "glmnet" "cv.glmnet" 
".Fortran" "elnet" "glmnet" "cv.glmnet" 
".Fortran" "elnet" "glmnet" "cv.glmnet" 
".Fortran" "elnet" "glmnet" "cv.glmnet" 
".Fortran" "elnet" "glmnet" "cv.glmnet" 
".Fortran" "elnet" "glmnet" "cv.glmnet" 
".Fortran" "elnet" "glmnet" "cv.glmnet" 
".Fortran" "elnet" "glmnet" "cv.glmnet" 
".Fortran" "elnet" "glmnet" "cv.glmnet" 
".Fortran" "elnet" "glmnet" "cv.glmnet" 
".Fortran" "elnet" "glmnet" "cv.glmnet" 
".Fortran" "elnet" "glmnet" "cv.glmnet" 
".Fortran" "elnet" "glmnet" "cv.glmnet" 
".Fortran" "elnet" "glmnet" "cv.glmnet" 
".Fortran" "elnet" "glmnet" "cv.glmnet" 
".Fortran" "elnet" "glmnet" "cv.glmnet" 
".Fortran" "elnet" "glmnet" "cv.glmnet" 
".Fortran" "elnet" "glmnet" "cv.glmnet" 
".Fortran" "elnet" "glmnet" "cv.glmnet" 
".Fortran" "elnet" "glmnet" "cv.glmnet" 
".Fortran" "elnet" "glmnet" "cv.glmnet" 
".Fortran" "elnet" "glmnet" "cv.glmnet" 
".Fortran" "elnet" "glmnet" "cv.glmnet" 
".Fortran" "elnet" "glmnet" "cv.glmnet" 
".Fortran" "elnet" "glmnet" "cv.glmnet" 
".Fortran" "elnet" "glmnet" "cv.glmnet" 
".Fortran" "elnet" "glmnet" "cv.glmnet" 
".Fortran" "elnet" "glmnet" "cv.glmnet" 
".Fortran" "elnet" "glmnet" "cv.glmnet" 
".Fortran" "elnet" "glmnet" "cv.glmnet" 
".Fortran" "elnet" "glmnet" "cv.glmnet" 
".Fortran" "elnet" "glmnet" "cv.glmnet" 
".Fortran" "elnet" "glmnet" "cv.glmnet" 
".Fortran" "elnet" "glmnet" "cv.glmnet" 
".Fortran" "elnet" "glmnet" "cv.glmnet" 
".Fortran" "elnet" "glmnet" "cv.glmnet" 
".Fortran" "elnet" "glmnet" "cv.glmnet" 
".Fortran" "elnet" "glmnet" "cv.glmnet" 
".Fortran" "elnet" "glmnet" "cv.glmnet" 
".Fortran" "elnet" "glmnet" "cv.glmnet" 
".Fortran" "elnet" "glmnet" "cv.glmnet" 
".Fortran" "elnet" "glmnet" "cv.glmnet" 
".Fortran" "elnet" "glmnet" "cv.glmnet" 
".Fortran" "elnet" "glmnet" "cv.glmnet" 
".Fortran" "elnet" "glmnet" "cv.glmnet" 
".Fortran" "elnet" "glmnet" "cv.glmnet" 
".Fortran" "elnet" "glmnet" "cv.glmnet" 
".Fortran" "elnet" "glmnet" "cv.glmnet" 
".Fortran" "elnet" "glmnet" "cv.glmnet" 
".Fortran" "elnet" "glmnet" "cv.glmnet" 
".Fortran" "elnet" "glmnet" "cv.glmnet" 
".Fortran" "elnet" "glmnet" "cv.glmnet" 
".Fortran" "elnet" "glmnet" "cv.glmnet" 
".Fortran" "elnet" "glmnet" "cv.glmnet" 
".Fortran" "elnet" "glmnet" "cv.glmnet" 
".Fortran" "elnet" "glmnet" "cv.glmnet" 
".Fortran" "elnet" "glmnet" "cv.glmnet" 
".Fortran" "elnet" "glmnet" "cv.glmnet" 
".Fortran" "elnet" "glmnet" "cv.glmnet" 
".Fortran" "elnet" "glmnet" "cv.glmnet" 
".Fortran" "elnet" "glmnet" "cv.glmnet" 
".Fortran" "elnet" "glmnet" "cv.glmnet" 
".Fortran" "elnet" "glmnet" "cv.glmnet" 
".Fortran" "elnet" "glmnet" "cv.glmnet" 
".Fortran" "elnet" "glmnet" "cv.glmnet" 
".Fortran" "elnet" "glmnet" "cv.glmnet" 
".Fortran" "elnet" "glmnet" "cv.glmnet" 
".Fortran" "elnet" "glmnet" "cv.glmnet" 
".Fortran" "elnet" "glmnet" "cv.glmnet" 
".Fortran" "elnet" "glmnet" "cv.glmnet" 
".Fortran" "elnet" "glmnet" "cv.glmnet" 
".Fortran" "elnet" "glmnet" "cv.glmnet" 
".Fortran" "elnet" "glmnet" "cv.glmnet" 
".Fortran" "elnet" "glmnet" "cv.glmnet" 
".Fortran" "elnet" "glmnet" "cv.glmnet" 
".Fortran" "elnet" "glmnet" "cv.glmnet" 
".Fortran" "elnet" "glmnet" "cv.glmnet" 
".Fortran" "elnet" "glmnet" "cv.glmnet" 
".Fortran" "elnet" "glmnet" "cv.glmnet" 
".Fortran" "elnet" "glmnet" "cv.glmnet" 
".Fortran" "elnet" "glmnet" "cv.glmnet" 
"matrix" "getcoef" "elnet" "glmnet" "cv.glmnet" 
"matrix" "getcoef" "elnet" "glmnet" "cv.glmnet" 
"matrix" "getcoef" "elnet" "glmnet" "cv.glmnet" 
"matrix" "getcoef" "elnet" "glmnet" "cv.glmnet" 
"matrix" "getcoef" "elnet" "glmnet" "cv.glmnet" 
"matrix" "getcoef" "elnet" "glmnet" "cv.glmnet" 
"matrix" "getcoef" "elnet" "glmnet" "cv.glmnet" 
"lazyLoadDBfetch" ".findInheritedMethods" "<Anonymous>" "standardGeneric" "<Anonymous>" "predict.glmnet" "NextMethod" "predict.elnet" "predict" "lapply" "sapply" "cv.glmnet" 
"paste" "outerLabels" ".findInheritedMethods" "<Anonymous>" "[" "standardGeneric" "as.matrix" "nonzeroCoef" "predict.glmnet" "NextMethod" "predict.elnet" "predict" "lapply" "sapply" "cv.glmnet" 
"readRDS" "lazyLoadDBexec" "lazyLoad" "eval" "eval" "eval" "eval" "eval.parent" "local" "eval" "eval" "sys.source" "doTryCatch" "tryCatchOne" "tryCatchList" "tryCatch" "try" "loadNamespace" "doTryCatch" "tryCatchOne" "tryCatchList" "tryCatch" "getNamespace" "asNamespace" "getExportedValue" "::" "comp" "<Anonymous>" "%dopar%" "cv.glmnet" 
".Call" "mcfork" "FUN" "lapply" "mclapply" "<Anonymous>" "%dopar%" "cv.glmnet" 
tryCatchList" "tryCatch" "try" "loadNamespace" "doTryCatch" "tryCatchOne" "tryCatchList" "tryCatch" "getNamespace" "asNamespace" "getExportedValue" "::" "comp" "<Anonymous>" "%dopar%" "cv.glmnet" 
".Call" "mcfork" "FUN" "lapply" "mclapply" "<Anonymous>" "%dopar%" "cv.glmnet" 
tryCatchList" "tryCatch" "try" "loadNamespace" "doTryCatch" "tryCatchOne" "tryCatchList" "tryCatch" "getNamespace" "asNamespace" "getExportedValue" "::" "comp" "<Anonymous>" "%dopar%" "cv.glmnet" 
tryCatchList" "tryCatch" "try" "loadNamespace" "doTryCatch" "tryCatchOne" "tryCatchList" "tryCatch" "getNamespace" "asNamespace" "getExportedValue" "::" "comp" "<Anonymous>" "%dopar%" "cv.glmnet" 
".Call" "mcfork" "FUN" "lapply" "mclapply" "<Anonymous>" "%dopar%" "cv.glmnet" 
tryCatchList" "tryCatch" "try" "loadNamespace" "doTryCatch" "tryCatchOne" "tryCatchList" "tryCatch" "getNamespace" "asNamespace" "getExportedValue" "::" "comp" "<Anonymous>" "%dopar%" "cv.glmnet" 
".Call" "mcfork" "FUN" "lapply" "mclapply" "<Anonymous>" "%dopar%" "cv.glmnet" 
".Call" "readChild" "mclapply" "<Anonymous>" "%dopar%" "cv.glmnet" 
"mclapply" "<Anonymous>" "%dopar%" "cv.glmnet" 
".Call" "readChild" "mclapply" "<Anonymous>" "%dopar%" "cv.glmnet" 
"unserialize" "mclapply" "<Anonymous>" "%dopar%" "cv.glmnet" 
"list" "fun" "eval" "eval" "callCombine" "accumulate.iforeach" "accumulate" "accumulator" "doTryCatch" "tryCatchOne" "tryCatchList" "tryCatch" "<Anonymous>" "%dopar%" "cv.glmnet" 
"list" "do.call" "cv.glmnet" 
"list" "do.call" "cv.glmnet" 
"list" "do.call" "cv.glmnet" 
"list" "do.call" "cv.glmnet" 
"list" "do.call" "cv.glmnet" 
"list" "do.call" "cv.glmnet" 
"list" "do.call" "cv.glmnet" 
"list" "do.call" "cv.glmnet" 
"list" "do.call" "cv.glmnet" 
"as" "validityMethod" "anyStrings" "validObject" "initialize" "standardGeneric" "initialize" "new" "Diagonal" "predict.glmnet" "NextMethod" "predict.elnet" "predict" "cv.elnet" "do.call" "cv.glmnet" 
"inherits" "predict.glmnet" "NextMethod" "predict.elnet" "predict" "cv.elnet" "do.call" "cv.glmnet" 
"inherits" "predict.glmnet" "NextMethod" "predict.elnet" "predict" "cv.elnet" "do.call" "cv.glmnet" 
"inherits" "predict.glmnet" "NextMethod" "predict.elnet" "predict" "cv.elnet" "do.call" "cv.glmnet" 
"inherits" "predict.glmnet" "NextMethod" "predict.elnet" "predict" "cv.elnet" "do.call" "cv.glmnet" 
"inherits" "predict.glmnet" "NextMethod" "predict.elnet" "predict" "cv.elnet" "do.call" "cv.glmnet" 
"inherits" "predict.glmnet" "NextMethod" "predict.elnet" "predict" "cv.elnet" "do.call" "cv.glmnet" 
".__H__.cbind" ".local" "cbind2" "standardGeneric" "cbind2" "standardGeneric" "as.matrix" "predict.glmnet" "NextMethod" "predict.elnet" "predict" "cv.elnet" "do.call" "cv.glmnet" 
".__H__.cbind" ".local" "cbind2" "standardGeneric" "cbind2" "standardGeneric" "as.matrix" "predict.glmnet" "NextMethod" "predict.elnet" "predict" "cv.elnet" "do.call" "cv.glmnet" 
"t.default" "t" "standardGeneric" "t" "standardGeneric" "t" "%*%" "%*%" "%*%" "standardGeneric" "as.matrix" "predict.glmnet" "NextMethod" "predict.elnet" "predict" "cv.elnet" "do.call" "cv.glmnet" 
".Call" "standardGeneric" "t" "%*%" "%*%" "%*%" "standardGeneric" "as.matrix" "predict.glmnet" "NextMethod" "predict.elnet" "predict" "cv.elnet" "do.call" "cv.glmnet" 
".Call" "standardGeneric" "t" "%*%" "%*%" "%*%" "standardGeneric" "as.matrix" "predict.glmnet" "NextMethod" "predict.elnet" "predict" "cv.elnet" "do.call" "cv.glmnet" 
"inherits" "predict.glmnet" "NextMethod" "predict.elnet" "predict" "cv.elnet" "do.call" "cv.glmnet" 
"inherits" "predict.glmnet" "NextMethod" "predict.elnet" "predict" "cv.elnet" "do.call" "cv.glmnet" 
"inherits" "predict.glmnet" "NextMethod" "predict.elnet" "predict" "cv.elnet" "do.call" "cv.glmnet" 
"inherits" "predict.glmnet" "NextMethod" "predict.elnet" "predict" "cv.elnet" "do.call" "cv.glmnet" 
"inherits" "predict.glmnet" "NextMethod" "predict.elnet" "predict" "cv.elnet" "do.call" "cv.glmnet" 
"inherits" "predict.glmnet" "NextMethod" "predict.elnet" "predict" "cv.elnet" "do.call" "cv.glmnet" 
"inherits" "predict.glmnet" "NextMethod" "predict.elnet" "predict" "cv.elnet" "do.call" "cv.glmnet" 
".__H__.cbind" ".local" "cbind2" "standardGeneric" "cbind2" "standardGeneric" "as.matrix" "predict.glmnet" "NextMethod" "predict.elnet" "predict" "cv.elnet" "do.call" "cv.glmnet" 
"t.default" "t" "standardGeneric" "t" "standardGeneric" "t" "%*%" "%*%" "%*%" "standardGeneric" "as.matrix" "predict.glmnet" "NextMethod" "predict.elnet" "predict" "cv.elnet" "do.call" "cv.glmnet" 
".Call" "standardGeneric" "t" "%*%" "%*%" "%*%" "standardGeneric" "as.matrix" "predict.glmnet" "NextMethod" "predict.elnet" "predict" "cv.elnet" "do.call" "cv.glmnet" 
".Call" "standardGeneric" "t" "%*%" "%*%" "%*%" "standardGeneric" "as.matrix" "predict.glmnet" "NextMethod" "predict.elnet" "predict" "cv.elnet" "do.call" "cv.glmnet" 
".Call" ".Arith.Csparse" "+" "+" "+" "predict.glmnet" "NextMethod" "predict.elnet" "predict" "cv.elnet" "do.call" "cv.glmnet" 
"inherits" "predict.glmnet" "NextMethod" "predict.elnet" "predict" "cv.elnet" "do.call" "cv.glmnet" 
"inherits" "predict.glmnet" "NextMethod" "predict.elnet" "predict" "cv.elnet" "do.call" "cv.glmnet" 
"inherits" "predict.glmnet" "NextMethod" "predict.elnet" "predict" "cv.elnet" "do.call" "cv.glmnet" 
"inherits" "predict.glmnet" "NextMethod" "predict.elnet" "predict" "cv.elnet" "do.call" "cv.glmnet" 
"inherits" "predict.glmnet" "NextMethod" "predict.elnet" "predict" "cv.elnet" "do.call" "cv.glmnet" 
"inherits" "predict.glmnet" "NextMethod" "predict.elnet" "predict" "cv.elnet" "do.call" "cv.glmnet" 
".__H__.cbind" ".local" "cbind2" "standardGeneric" "cbind2" "standardGeneric" "as.matrix" "predict.glmnet" "NextMethod" "predict.elnet" "predict" "cv.elnet" "do.call" "cv.glmnet" 
"t.default" "t" "standardGeneric" "t" "standardGeneric" "t" "%*%" "%*%" "%*%" "standardGeneric" "as.matrix" "predict.glmnet" "NextMethod" "predict.elnet" "predict" "cv.elnet" "do.call" "cv.glmnet" 
"t.default" "t" "standardGeneric" "t" "standardGeneric" "t" "%*%" "%*%" "%*%" "standardGeneric" "as.matrix" "predict.glmnet" "NextMethod" "predict.elnet" "predict" "cv.elnet" "do.call" "cv.glmnet" 
".Call" "standardGeneric" "t" "%*%" "%*%" "%*%" "standardGeneric" "as.matrix" "predict.glmnet" "NextMethod" "predict.elnet" "predict" "cv.elnet" "do.call" "cv.glmnet" 
"paste" ".sigLabel" ".findMethodInTable" ".quickCoerceSelect" "as" "validityMethod" "anyStrings" "validObject" "initialize" "standardGeneric" "initialize" "new" "newTMat" ".Arith.Csparse" "+" "+" "+" "predict.glmnet" "NextMethod" "predict.elnet" "predict" "cv.elnet" "do.call" "cv.glmnet" 
"inherits" "predict.glmnet" "NextMethod" "predict.elnet" "predict" "cv.elnet" "do.call" "cv.glmnet" 
"inherits" "predict.glmnet" "NextMethod" "predict.elnet" "predict" "cv.elnet" "do.call" "cv.glmnet" 
"inherits" "predict.glmnet" "NextMethod" "predict.elnet" "predict" "cv.elnet" "do.call" "cv.glmnet" 
"inherits" "predict.glmnet" "NextMethod" "predict.elnet" "predict" "cv.elnet" "do.call" "cv.glmnet" 
"inherits" "predict.glmnet" "NextMethod" "predict.elnet" "predict" "cv.elnet" "do.call" "cv.glmnet" 
"inherits" "predict.glmnet" "NextMethod" "predict.elnet" "predict" "cv.elnet" "do.call" "cv.glmnet" 
"inherits" "predict.glmnet" "NextMethod" "predict.elnet" "predict" "cv.elnet" "do.call" "cv.glmnet" 
"inherits" "predict.glmnet" "NextMethod" "predict.elnet" "predict" "cv.elnet" "do.call" "cv.glmnet" 
"inherits" "predict.glmnet" "NextMethod" "predict.elnet" "predict" "cv.elnet" "do.call" "cv.glmnet" 
".__H__.cbind" ".local" "cbind2" "standardGeneric" "cbind2" "standardGeneric" "as.matrix" "predict.glmnet" "NextMethod" "predict.elnet" "predict" "cv.elnet" "do.call" "cv.glmnet" 
".__H__.cbind" ".local" "cbind2" "standardGeneric" "cbind2" "standardGeneric" "as.matrix" "predict.glmnet" "NextMethod" "predict.elnet" "predict" "cv.elnet" "do.call" "cv.glmnet" 
"t.default" "t" "standardGeneric" "t" "standardGeneric" "t" "%*%" "%*%" "%*%" "standardGeneric" "as.matrix" "predict.glmnet" "NextMethod" "predict.elnet" "predict" "cv.elnet" "do.call" "cv.glmnet" 
".Call" "standardGeneric" "t" "%*%" "%*%" "%*%" "standardGeneric" "as.matrix" "predict.glmnet" "NextMethod" "predict.elnet" "predict" "cv.elnet" "do.call" "cv.glmnet" 
".Call" "non0.i" "non0ind" ".Arith.Csparse" "+" "+" "+" "predict.glmnet" "NextMethod" "predict.elnet" "predict" "cv.elnet" "do.call" "cv.glmnet" 
"inherits" "predict.glmnet" "NextMethod" "predict.elnet" "predict" "cv.elnet" "do.call" "cv.glmnet" 
"inherits" "predict.glmnet" "NextMethod" "predict.elnet" "predict" "cv.elnet" "do.call" "cv.glmnet" 
"inherits" "predict.glmnet" "NextMethod" "predict.elnet" "predict" "cv.elnet" "do.call" "cv.glmnet" 
"inherits" "predict.glmnet" "NextMethod" "predict.elnet" "predict" "cv.elnet" "do.call" "cv.glmnet" 
"inherits" "predict.glmnet" "NextMethod" "predict.elnet" "predict" "cv.elnet" "do.call" "cv.glmnet" 
"inherits" "predict.glmnet" "NextMethod" "predict.elnet" "predict" "cv.elnet" "do.call" "cv.glmnet" 
".__H__.cbind" ".local" "cbind2" "standardGeneric" "cbind2" "standardGeneric" "as.matrix" "predict.glmnet" "NextMethod" "predict.elnet" "predict" "cv.elnet" "do.call" "cv.glmnet" 
"t.default" "t" "standardGeneric" "t" "standardGeneric" "t" "%*%" "%*%" "%*%" "standardGeneric" "as.matrix" "predict.glmnet" "NextMethod" "predict.elnet" "predict" "cv.elnet" "do.call" "cv.glmnet" 
".Call" "standardGeneric" "t" "%*%" "%*%" "%*%" "standardGeneric" "as.matrix" "predict.glmnet" "NextMethod" "predict.elnet" "predict" "cv.elnet" "do.call" "cv.glmnet" 
".Call" "standardGeneric" "t" "%*%" "%*%" "%*%" "standardGeneric" "as.matrix" "predict.glmnet" "NextMethod" "predict.elnet" "predict" "cv.elnet" "do.call" "cv.glmnet" 
"inherits" "predict.glmnet" "NextMethod" "predict.elnet" "predict" "cv.elnet" "do.call" "cv.glmnet" 
"inherits" "predict.glmnet" "NextMethod" "predict.elnet" "predict" "cv.elnet" "do.call" "cv.glmnet" 
"inherits" "predict.glmnet" "NextMethod" "predict.elnet" "predict" "cv.elnet" "do.call" "cv.glmnet" 
"inherits" "predict.glmnet" "NextMethod" "predict.elnet" "predict" "cv.elnet" "do.call" "cv.glmnet" 
"inherits" "predict.glmnet" "NextMethod" "predict.elnet" "predict" "cv.elnet" "do.call" "cv.glmnet" 
"inherits" "predict.glmnet" "NextMethod" "predict.elnet" "predict" "cv.elnet" "do.call" "cv.glmnet" 
".__H__.cbind" ".local" "cbind2" "standardGeneric" "cbind2" "standardGeneric" "as.matrix" "predict.glmnet" "NextMethod" "predict.elnet" "predict" "cv.elnet" "do.call" "cv.glmnet" 
".__H__.cbind" ".local" "cbind2" "standardGeneric" "cbind2" "standardGeneric" "as.matrix" "predict.glmnet" "NextMethod" "predict.elnet" "predict" "cv.elnet" "do.call" "cv.glmnet" 
"t.default" "t" "standardGeneric" "t" "standardGeneric" "t" "%*%" "%*%" "%*%" "standardGeneric" "as.matrix" "predict.glmnet" "NextMethod" "predict.elnet" "predict" "cv.elnet" "do.call" "cv.glmnet" 
".Call" "standardGeneric" "t" "%*%" "%*%" "%*%" "standardGeneric" "as.matrix" "predict.glmnet" "NextMethod" "predict.elnet" "predict" "cv.elnet" "do.call" "cv.glmnet" 
"%in%" ".getGeneric" "getGeneric" "as" "validityMethod" "anyStrings" "validObject" "initialize" "standardGeneric" "initialize" "new" "Diagonal" "predict.glmnet" "NextMethod" "predict.elnet" "predict" "cv.elnet" "do.call" "cv.glmnet" 
"inherits" "predict.glmnet" "NextMethod" "predict.elnet" "predict" "cv.elnet" "do.call" "cv.glmnet" 
"inherits" "predict.glmnet" "NextMethod" "predict.elnet" "predict" "cv.elnet" "do.call" "cv.glmnet" 
"inherits" "predict.glmnet" "NextMethod" "predict.elnet" "predict" "cv.elnet" "do.call" "cv.glmnet" 
"inherits" "predict.glmnet" "NextMethod" "predict.elnet" "predict" "cv.elnet" "do.call" "cv.glmnet" 
"inherits" "predict.glmnet" "NextMethod" "predict.elnet" "predict" "cv.elnet" "do.call" "cv.glmnet" 
"inherits" "predict.glmnet" "NextMethod" "predict.elnet" "predict" "cv.elnet" "do.call" "cv.glmnet" 
".__H__.cbind" ".local" "cbind2" "standardGeneric" "cbind2" "standardGeneric" "as.matrix" "predict.glmnet" "NextMethod" "predict.elnet" "predict" "cv.elnet" "do.call" "cv.glmnet" 
"t.default" "t" "standardGeneric" "t" "standardGeneric" "t" "%*%" "%*%" "%*%" "standardGeneric" "as.matrix" "predict.glmnet" "NextMethod" "predict.elnet" "predict" "cv.elnet" "do.call" "cv.glmnet" 
"t.default" "t" "standardGeneric" "t" "standardGeneric" "t" "%*%" "%*%" "%*%" "standardGeneric" "as.matrix" "predict.glmnet" "NextMethod" "predict.elnet" "predict" "cv.elnet" "do.call" "cv.glmnet" 
"t.default" "t" "standardGeneric" "t" "standardGeneric" "t" "%*%" "%*%" "%*%" "standardGeneric" "as.matrix" "predict.glmnet" "NextMethod" "predict.elnet" "predict" "cv.elnet" "do.call" "cv.glmnet" 
"t.default" "t" "standardGeneric" "t" "standardGeneric" "t" "%*%" "%*%" "%*%" "standardGeneric" "as.matrix" "predict.glmnet" "NextMethod" "predict.elnet" "predict" "cv.elnet" "do.call" "cv.glmnet" 
"t.default" "t" "standardGeneric" "t" "standardGeneric" "t" "%*%" "%*%" "%*%" "standardGeneric" "as.matrix" "predict.glmnet" "NextMethod" "predict.elnet" "predict" "cv.elnet" "do.call" "cv.glmnet" 
".Call" "standardGeneric" "t" "%*%" "%*%" "%*%" "standardGeneric" "as.matrix" "predict.glmnet" "NextMethod" "predict.elnet" "predict" "cv.elnet" "do.call" "cv.glmnet" 
"array" "asMethod" "as" ".local" "as.matrix" "standardGeneric" "as.matrix" "predict.glmnet" "NextMethod" "predict.elnet" "predict" "cv.elnet" "do.call" "cv.glmnet" 
"inherits" "predict.glmnet" "NextMethod" "predict.elnet" "predict" "cv.elnet" "do.call" "cv.glmnet" 
"inherits" "predict.glmnet" "NextMethod" "predict.elnet" "predict" "cv.elnet" "do.call" "cv.glmnet" 
"inherits" "predict.glmnet" "NextMethod" "predict.elnet" "predict" "cv.elnet" "do.call" "cv.glmnet" 
"inherits" "predict.glmnet" "NextMethod" "predict.elnet" "predict" "cv.elnet" "do.call" "cv.glmnet" 
"inherits" "predict.glmnet" "NextMethod" "predict.elnet" "predict" "cv.elnet" "do.call" "cv.glmnet" 
"inherits" "predict.glmnet" "NextMethod" "predict.elnet" "predict" "cv.elnet" "do.call" "cv.glmnet" 
".__H__.cbind" ".local" "cbind2" "standardGeneric" "cbind2" "standardGeneric" "as.matrix" "predict.glmnet" "NextMethod" "predict.elnet" "predict" "cv.elnet" "do.call" "cv.glmnet" 
"t.default" "t" "standardGeneric" "t" "standardGeneric" "t" "%*%" "%*%" "%*%" "standardGeneric" "as.matrix" "predict.glmnet" "NextMethod" "predict.elnet" "predict" "cv.elnet" "do.call" "cv.glmnet" 
"t.default" "t" "standardGeneric" "t" "standardGeneric" "t" "%*%" "%*%" "%*%" "standardGeneric" "as.matrix" "predict.glmnet" "NextMethod" "predict.elnet" "predict" "cv.elnet" "do.call" "cv.glmnet" 
".Call" "standardGeneric" "t" "%*%" "%*%" "%*%" "standardGeneric" "as.matrix" "predict.glmnet" "NextMethod" "predict.elnet" "predict" "cv.elnet" "do.call" "cv.glmnet" 
".Call" "slot<-" "initialize" "standardGeneric" "initialize" "new" "newTMat" ".Arith.Csparse" "+" "+" "+" "predict.glmnet" "NextMethod" "predict.elnet" "predict" "cv.elnet" "do.call" "cv.glmnet" 
"inherits" "predict.glmnet" "NextMethod" "predict.elnet" "predict" "cv.elnet" "do.call" "cv.glmnet" 
"inherits" "predict.glmnet" "NextMethod" "predict.elnet" "predict" "cv.elnet" "do.call" "cv.glmnet" 
"inherits" "predict.glmnet" "NextMethod" "predict.elnet" "predict" "cv.elnet" "do.call" "cv.glmnet" 
"inherits" "predict.glmnet" "NextMethod" "predict.elnet" "predict" "cv.elnet" "do.call" "cv.glmnet" 
"inherits" "predict.glmnet" "NextMethod" "predict.elnet" "predict" "cv.elnet" "do.call" "cv.glmnet" 
"inherits" "predict.glmnet" "NextMethod" "predict.elnet" "predict" "cv.elnet" "do.call" "cv.glmnet" 
".__H__.cbind" ".local" "cbind2" "standardGeneric" "cbind2" "standardGeneric" "as.matrix" "predict.glmnet" "NextMethod" "predict.elnet" "predict" "cv.elnet" "do.call" "cv.glmnet" 
"t.default" "t" "standardGeneric" "t" "standardGeneric" "t" "%*%" "%*%" "%*%" "standardGeneric" "as.matrix" "predict.glmnet" "NextMethod" "predict.elnet" "predict" "cv.elnet" "do.call" "cv.glmnet" 
".Call" "standardGeneric" "t" "%*%" "%*%" "%*%" "standardGeneric" "as.matrix" "predict.glmnet" "NextMethod" "predict.elnet" "predict" "cv.elnet" "do.call" "cv.glmnet" 
".Call" "standardGeneric" "t" "%*%" "%*%" "%*%" "standardGeneric" "as.matrix" "predict.glmnet" "NextMethod" "predict.elnet" "predict" "cv.elnet" "do.call" "cv.glmnet" 
"inherits" "predict.glmnet" "NextMethod" "predict.elnet" "predict" "cv.elnet" "do.call" "cv.glmnet" 
"inherits" "predict.glmnet" "NextMethod" "predict.elnet" "predict" "cv.elnet" "do.call" "cv.glmnet" 
"inherits" "predict.glmnet" "NextMethod" "predict.elnet" "predict" "cv.elnet" "do.call" "cv.glmnet" 
"inherits" "predict.glmnet" "NextMethod" "predict.elnet" "predict" "cv.elnet" "do.call" "cv.glmnet" 
"inherits" "predict.glmnet" "NextMethod" "predict.elnet" "predict" "cv.elnet" "do.call" "cv.glmnet" 
"inherits" "predict.glmnet" "NextMethod" "predict.elnet" "predict" "cv.elnet" "do.call" "cv.glmnet" 
".__H__.cbind" ".local" "cbind2" "standardGeneric" "cbind2" "standardGeneric" "as.matrix" "predict.glmnet" "NextMethod" "predict.elnet" "predict" "cv.elnet" "do.call" "cv.glmnet" 
"t.default" "t" "standardGeneric" "t" "standardGeneric" "t" "%*%" "%*%" "%*%" "standardGeneric" "as.matrix" "predict.glmnet" "NextMethod" "predict.elnet" "predict" "cv.elnet" "do.call" "cv.glmnet" 
"t.default" "t" "standardGeneric" "t" "standardGeneric" "t" "%*%" "%*%" "%*%" "standardGeneric" "as.matrix" "predict.glmnet" "NextMethod" "predict.elnet" "predict" "cv.elnet" "do.call" "cv.glmnet" 
".Call" "standardGeneric" "t" "%*%" "%*%" "%*%" "standardGeneric" "as.matrix" "predict.glmnet" "NextMethod" "predict.elnet" "predict" "cv.elnet" "do.call" "cv.glmnet" 
"cvcompute" "cv.elnet" "do.call" "cv.glmnet" 
"weighted.mean.default" "FUN" "apply" "cvcompute" "cv.elnet" "do.call" "cv.glmnet" 
sample.interval=20000
"eval" "model.frame.default" "<Anonymous>" "eval" "eval" "lm" 
"eval" "eval" "model.frame.default" "<Anonymous>" "eval" "eval" "lm" 
"eval" "model.frame.default" "<Anonymous>" "eval" "eval" "lm" 
".Call" "lm.fit" "lm" 
sample.interval=20000
"eval" "model.frame.default" "model.frame" "eval" "eval" "gpuGlm" 
"eval" "model.frame.default" "model.frame" "eval" "eval" "gpuGlm" 
"eval" "model.frame.default" "model.frame" "eval" "eval" "gpuGlm" 
".C" "gpuGlm.fit" "gpuGlm" 
".C" "gpuGlm.fit" "gpuGlm" 
".C" "gpuGlm.fit" "gpuGlm" 
".C" "gpuGlm.fit" "gpuGlm" 
".C" "gpuGlm.fit" "gpuGlm" 
".C" "gpuGlm.fit" "gpuGlm" 
"list" "gpuGlm" 
"list" "gpuGlm" 
"list" "gpuGlm" 
"list" "gpuGlm" 
"list" "gpuGlm" 
"list" "gpuGlm" 
"c" "gpuGlm" 
"c" "gpuGlm" 
"c" "gpuGlm" 
"c" "gpuGlm" 
"c" "gpuGlm" 
